{"/home/runner/work/estuary-rpc/estuary-rpc/estuary-rpc/api.ts": {"path":"/home/runner/work/estuary-rpc/estuary-rpc/estuary-rpc/api.ts","statementMap":{"0":{"start":{"line":2,"column":0},"end":{"line":2,"column":70}},"1":{"start":{"line":3,"column":0},"end":{"line":3,"column":24}},"2":{"start":{"line":4,"column":0},"end":{"line":4,"column":25}},"3":{"start":{"line":5,"column":0},"end":{"line":5,"column":26}},"4":{"start":{"line":6,"column":0},"end":{"line":6,"column":30}},"5":{"start":{"line":17,"column":2},"end":{"line":32,"column":4}},"6":{"start":{"line":22,"column":4},"end":{"line":31,"column":6}},"7":{"start":{"line":23,"column":17},"end":{"line":23,"column":null}},"8":{"start":{"line":23,"column":18},"end":{"line":23,"column":null}},"9":{"start":{"line":46,"column":2},"end":{"line":50,"column":4}},"10":{"start":{"line":42,"column":0},"end":{"line":42,"column":16}},"11":{"start":{"line":64,"column":2},"end":{"line":64,"column":73}},"12":{"start":{"line":60,"column":0},"end":{"line":60,"column":16}},"13":{"start":{"line":79,"column":2},"end":{"line":79,"column":72}},"14":{"start":{"line":75,"column":0},"end":{"line":75,"column":16}},"15":{"start":{"line":93,"column":2},"end":{"line":93,"column":75}},"16":{"start":{"line":89,"column":0},"end":{"line":89,"column":16}},"17":{"start":{"line":109,"column":2},"end":{"line":113,"column":4}},"18":{"start":{"line":105,"column":0},"end":{"line":105,"column":16}}},"fnMap":{"0":{"name":"endpoint","decl":{"start":{"line":16,"column":9},"end":{"line":16,"column":17}},"loc":{"start":{"line":16,"column":67},"end":{"line":33,"column":1}}},"1":{"name":"(anonymous_12)","decl":{"start":{"line":17,"column":9},"end":{"line":17,"column":null}},"loc":{"start":{"line":21,"column":41},"end":{"line":32,"column":3}}},"2":{"name":"(anonymous_13)","decl":{"start":{"line":23,"column":6},"end":{"line":23,"column":15}},"loc":{"start":{"line":23,"column":17},"end":{"line":23,"column":null}}},"3":{"name":"(anonymous_14)","decl":{"start":{"line":23,"column":17},"end":{"line":23,"column":18}},"loc":{"start":{"line":23,"column":17},"end":{"line":23,"column":null}}},"4":{"name":"get","decl":{"start":{"line":42,"column":16},"end":{"line":42,"column":19}},"loc":{"start":{"line":44,"column":37},"end":{"line":51,"column":1}}},"5":{"name":"post","decl":{"start":{"line":60,"column":16},"end":{"line":60,"column":20}},"loc":{"start":{"line":62,"column":37},"end":{"line":65,"column":1}}},"6":{"name":"put","decl":{"start":{"line":75,"column":16},"end":{"line":75,"column":19}},"loc":{"start":{"line":77,"column":37},"end":{"line":80,"column":1}}},"7":{"name":"del","decl":{"start":{"line":89,"column":16},"end":{"line":89,"column":19}},"loc":{"start":{"line":91,"column":37},"end":{"line":94,"column":1}}},"8":{"name":"ws","decl":{"start":{"line":105,"column":16},"end":{"line":105,"column":18}},"loc":{"start":{"line":107,"column":37},"end":{"line":114,"column":1}}}},"branchMap":{},"s":{"0":2,"1":2,"2":2,"3":2,"4":2,"5":5,"6":5,"7":1,"8":1,"9":1,"10":2,"11":1,"12":2,"13":1,"14":2,"15":1,"16":2,"17":1,"18":2},"f":{"0":5,"1":5,"2":1,"3":1,"4":1,"5":1,"6":1,"7":1,"8":1},"b":{}}
,"/home/runner/work/estuary-rpc/estuary-rpc/estuary-rpc/openApi.ts": {"path":"/home/runner/work/estuary-rpc/estuary-rpc/estuary-rpc/openApi.ts","statementMap":{"0":{"start":{"line":1,"column":0},"end":{"line":1,"column":null}},"1":{"start":{"line":9,"column":24},"end":{"line":25,"column":2}},"2":{"start":{"line":28,"column":2},"end":{"line":34,"column":4}},"3":{"start":{"line":30,"column":6},"end":{"line":32,"column":57}},"4":{"start":{"line":38,"column":2},"end":{"line":61,"column":null}},"5":{"start":{"line":40,"column":6},"end":{"line":40,"column":42}},"6":{"start":{"line":42,"column":6},"end":{"line":42,"column":41}},"7":{"start":{"line":44,"column":6},"end":{"line":44,"column":41}},"8":{"start":{"line":47,"column":6},"end":{"line":52,"column":null}},"9":{"start":{"line":48,"column":8},"end":{"line":51,"column":10}},"10":{"start":{"line":53,"column":6},"end":{"line":60,"column":8}},"11":{"start":{"line":57,"column":37},"end":{"line":57,"column":75}},"12":{"start":{"line":63,"column":2},"end":{"line":63,"column":28}},"13":{"start":{"line":70,"column":4},"end":{"line":71,"column":76}},"14":{"start":{"line":72,"column":2},"end":{"line":120,"column":null}},"15":{"start":{"line":76,"column":6},"end":{"line":78,"column":8}},"16":{"start":{"line":80,"column":6},"end":{"line":96,"column":null}},"17":{"start":{"line":81,"column":8},"end":{"line":89,"column":10}},"18":{"start":{"line":83,"column":37},"end":{"line":87,"column":14}},"19":{"start":{"line":91,"column":8},"end":{"line":95,"column":10}},"20":{"start":{"line":98,"column":6},"end":{"line":119,"column":null}},"21":{"start":{"line":99,"column":8},"end":{"line":105,"column":10}},"22":{"start":{"line":107,"column":8},"end":{"line":118,"column":10}},"23":{"start":{"line":122,"column":2},"end":{"line":122,"column":28}},"24":{"start":{"line":129,"column":4},"end":{"line":130,"column":76}},"25":{"start":{"line":132,"column":2},"end":{"line":169,"column":4}},"26":{"start":{"line":174,"column":2},"end":{"line":185,"column":4}},"27":{"start":{"line":192,"column":2},"end":{"line":194,"column":16}},"28":{"start":{"line":202,"column":2},"end":{"line":204,"column":null}},"29":{"start":{"line":203,"column":4},"end":{"line":203,"column":22}},"30":{"start":{"line":206,"column":4},"end":{"line":219,"column":10}},"31":{"start":{"line":220,"column":15},"end":{"line":220,"column":45}},"32":{"start":{"line":221,"column":2},"end":{"line":226,"column":4}},"33":{"start":{"line":223,"column":6},"end":{"line":223,"column":60}},"34":{"start":{"line":223,"column":26},"end":{"line":223,"column":59}},"35":{"start":{"line":269,"column":20},"end":{"line":269,"column":32}},"36":{"start":{"line":270,"column":23},"end":{"line":272,"column":null}},"37":{"start":{"line":275,"column":26},"end":{"line":276,"column":null}},"38":{"start":{"line":279,"column":4},"end":{"line":279,"column":64}},"39":{"start":{"line":279,"column":59},"end":{"line":279,"column":63}},"40":{"start":{"line":280,"column":2},"end":{"line":296,"column":null}},"41":{"start":{"line":284,"column":36},"end":{"line":287,"column":8}},"42":{"start":{"line":261,"column":0},"end":{"line":261,"column":16}}},"fnMap":{"0":{"name":"flatten","decl":{"start":{"line":27,"column":9},"end":{"line":27,"column":16}},"loc":{"start":{"line":27,"column":65},"end":{"line":35,"column":1}}},"1":{"name":"(anonymous_1)","decl":{"start":{"line":29,"column":4},"end":{"line":29,"column":5}},"loc":{"start":{"line":30,"column":6},"end":{"line":32,"column":57}}},"2":{"name":"schemaFromExample","decl":{"start":{"line":37,"column":9},"end":{"line":37,"column":26}},"loc":{"start":{"line":37,"column":43},"end":{"line":64,"column":1}}},"3":{"name":"(anonymous_3)","decl":{"start":{"line":57,"column":12},"end":{"line":57,"column":13}},"loc":{"start":{"line":57,"column":37},"end":{"line":57,"column":75}}},"4":{"name":"requestDoc","decl":{"start":{"line":66,"column":9},"end":{"line":66,"column":19}},"loc":{"start":{"line":67,"column":12},"end":{"line":123,"column":1}}},"5":{"name":"(anonymous_5)","decl":{"start":{"line":83,"column":12},"end":{"line":83,"column":13}},"loc":{"start":{"line":83,"column":37},"end":{"line":87,"column":14}}},"6":{"name":"responseDoc","decl":{"start":{"line":125,"column":9},"end":{"line":125,"column":20}},"loc":{"start":{"line":126,"column":12},"end":{"line":170,"column":1}}},"7":{"name":"endpointDoc","decl":{"start":{"line":171,"column":9},"end":{"line":171,"column":20}},"loc":{"start":{"line":172,"column":12},"end":{"line":186,"column":1}}},"8":{"name":"accumulateSchemas","decl":{"start":{"line":188,"column":9},"end":{"line":188,"column":26}},"loc":{"start":{"line":190,"column":12},"end":{"line":195,"column":1}}},"9":{"name":"accumulateSecurities","decl":{"start":{"line":198,"column":9},"end":{"line":198,"column":29}},"loc":{"start":{"line":200,"column":12},"end":{"line":227,"column":1}}},"10":{"name":"(anonymous_10)","decl":{"start":{"line":222,"column":25},"end":{"line":222,"column":26}},"loc":{"start":{"line":223,"column":6},"end":{"line":223,"column":60}}},"11":{"name":"(anonymous_11)","decl":{"start":{"line":223,"column":17},"end":{"line":223,"column":18}},"loc":{"start":{"line":223,"column":26},"end":{"line":223,"column":59}}},"12":{"name":"createOpenApiSpec","decl":{"start":{"line":261,"column":16},"end":{"line":261,"column":33}},"loc":{"start":{"line":267,"column":30},"end":{"line":298,"column":1}}},"13":{"name":"(anonymous_13)","decl":{"start":{"line":279,"column":24},"end":{"line":279,"column":25}},"loc":{"start":{"line":279,"column":59},"end":{"line":279,"column":63}}},"14":{"name":"(anonymous_14)","decl":{"start":{"line":284,"column":20},"end":{"line":284,"column":21}},"loc":{"start":{"line":284,"column":36},"end":{"line":287,"column":8}}}},"branchMap":{"0":{"loc":{"start":{"line":30,"column":6},"end":{"line":32,"column":57}},"type":"cond-expr","locations":[{"start":{"line":31,"column":10},"end":{"line":31,"column":31}},{"start":{"line":32,"column":10},"end":{"line":32,"column":57}}]},"1":{"loc":{"start":{"line":38,"column":2},"end":{"line":61,"column":null}},"type":"switch","locations":[{"start":{"line":39,"column":4},"end":{"line":40,"column":42}},{"start":{"line":41,"column":4},"end":{"line":42,"column":41}},{"start":{"line":43,"column":4},"end":{"line":44,"column":41}},{"start":{"line":46,"column":4},"end":{"line":60,"column":8}}]},"2":{"loc":{"start":{"line":47,"column":6},"end":{"line":52,"column":null}},"type":"if","locations":[{"start":{"line":47,"column":6},"end":{"line":52,"column":null}}]},"3":{"loc":{"start":{"line":50,"column":17},"end":{"line":50,"column":79}},"type":"cond-expr","locations":[{"start":{"line":50,"column":38},"end":{"line":50,"column":67}},{"start":{"line":50,"column":70},"end":{"line":50,"column":79}}]},"4":{"loc":{"start":{"line":70,"column":4},"end":{"line":71,"column":76}},"type":"binary-expr","locations":[{"start":{"line":70,"column":4},"end":{"line":70,"column":18}},{"start":{"line":71,"column":5},"end":{"line":71,"column":75}}]},"5":{"loc":{"start":{"line":71,"column":5},"end":{"line":71,"column":75}},"type":"cond-expr","locations":[{"start":{"line":71,"column":20},"end":{"line":71,"column":54}},{"start":{"line":71,"column":57},"end":{"line":71,"column":75}}]},"6":{"loc":{"start":{"line":72,"column":2},"end":{"line":120,"column":null}},"type":"switch","locations":[{"start":{"line":73,"column":4},"end":{"line":73,"column":19}},{"start":{"line":75,"column":4},"end":{"line":78,"column":8}},{"start":{"line":79,"column":4},"end":{"line":96,"column":null}},{"start":{"line":97,"column":4},"end":{"line":119,"column":null}}]},"7":{"loc":{"start":{"line":72,"column":10},"end":{"line":72,"column":39}},"type":"cond-expr","locations":[{"start":{"line":72,"column":24},"end":{"line":72,"column":26}},{"start":{"line":72,"column":24},"end":{"line":72,"column":39}}]},"8":{"loc":{"start":{"line":72,"column":10},"end":{"line":72,"column":26}},"type":"binary-expr","locations":[{"start":{"line":72,"column":10},"end":{"line":72,"column":26}},{"start":{"line":72,"column":24},"end":{"line":72,"column":26}}]},"9":{"loc":{"start":{"line":80,"column":6},"end":{"line":96,"column":null}},"type":"if","locations":[{"start":{"line":80,"column":6},"end":{"line":96,"column":null}},{"start":{"line":90,"column":13},"end":{"line":96,"column":null}}]},"10":{"loc":{"start":{"line":82,"column":37},"end":{"line":82,"column":63}},"type":"cond-expr","locations":[{"start":{"line":82,"column":57},"end":{"line":82,"column":61}},{"start":{"line":82,"column":61},"end":{"line":82,"column":63}}]},"11":{"loc":{"start":{"line":82,"column":37},"end":{"line":82,"column":61}},"type":"binary-expr","locations":[{"start":{"line":82,"column":37},"end":{"line":82,"column":61}},{"start":{"line":82,"column":57},"end":{"line":82,"column":61}}]},"12":{"loc":{"start":{"line":98,"column":6},"end":{"line":119,"column":null}},"type":"if","locations":[{"start":{"line":98,"column":6},"end":{"line":119,"column":null}},{"start":{"line":106,"column":13},"end":{"line":119,"column":null}}]},"13":{"loc":{"start":{"line":129,"column":4},"end":{"line":130,"column":76}},"type":"binary-expr","locations":[{"start":{"line":129,"column":4},"end":{"line":129,"column":18}},{"start":{"line":130,"column":5},"end":{"line":130,"column":75}}]},"14":{"loc":{"start":{"line":130,"column":5},"end":{"line":130,"column":75}},"type":"cond-expr","locations":[{"start":{"line":130,"column":20},"end":{"line":130,"column":54}},{"start":{"line":130,"column":57},"end":{"line":130,"column":75}}]},"15":{"loc":{"start":{"line":148,"column":10},"end":{"line":159,"column":12}},"type":"cond-expr","locations":[{"start":{"line":149,"column":10},"end":{"line":158,"column":null}},{"start":{"line":159,"column":10},"end":{"line":159,"column":12}}]},"16":{"loc":{"start":{"line":175,"column":5},"end":{"line":175,"column":62}},"type":"cond-expr","locations":[{"start":{"line":175,"column":28},"end":{"line":175,"column":34}},{"start":{"line":175,"column":37},"end":{"line":175,"column":62}}]},"17":{"loc":{"start":{"line":178,"column":16},"end":{"line":180,"column":19}},"type":"cond-expr","locations":[{"start":{"line":179,"column":10},"end":{"line":179,"column":55}},{"start":{"line":180,"column":10},"end":{"line":180,"column":19}}]},"18":{"loc":{"start":{"line":183,"column":10},"end":{"line":183,"column":28}},"type":"binary-expr","locations":[{"start":{"line":183,"column":10},"end":{"line":183,"column":22}},{"start":{"line":183,"column":26},"end":{"line":183,"column":28}}]},"19":{"loc":{"start":{"line":192,"column":9},"end":{"line":194,"column":15}},"type":"cond-expr","locations":[{"start":{"line":193,"column":5},"end":{"line":193,"column":null}},{"start":{"line":194,"column":6},"end":{"line":194,"column":15}}]},"20":{"loc":{"start":{"line":192,"column":9},"end":{"line":192,"column":27}},"type":"cond-expr","locations":[{"start":{"line":192,"column":23},"end":{"line":192,"column":25}},{"start":{"line":192,"column":23},"end":{"line":192,"column":27}}]},"21":{"loc":{"start":{"line":192,"column":9},"end":{"line":192,"column":25}},"type":"binary-expr","locations":[{"start":{"line":192,"column":9},"end":{"line":192,"column":25}},{"start":{"line":192,"column":23},"end":{"line":192,"column":25}}]},"22":{"loc":{"start":{"line":202,"column":2},"end":{"line":204,"column":null}},"type":"if","locations":[{"start":{"line":202,"column":2},"end":{"line":204,"column":null}}]},"23":{"loc":{"start":{"line":206,"column":4},"end":{"line":219,"column":10}},"type":"cond-expr","locations":[{"start":{"line":208,"column":8},"end":{"line":211,"column":null}},{"start":{"line":212,"column":8},"end":{"line":219,"column":10}}]},"24":{"loc":{"start":{"line":206,"column":4},"end":{"line":207,"column":41}},"type":"binary-expr","locations":[{"start":{"line":206,"column":4},"end":{"line":206,"column":40}},{"start":{"line":207,"column":4},"end":{"line":207,"column":41}}]},"25":{"loc":{"start":{"line":279,"column":4},"end":{"line":279,"column":64}},"type":"binary-expr","locations":[{"start":{"line":279,"column":4},"end":{"line":279,"column":19}},{"start":{"line":279,"column":24},"end":{"line":279,"column":63}}]},"26":{"loc":{"start":{"line":282,"column":8},"end":{"line":282,"column":28}},"type":"cond-expr","locations":[{"start":{"line":282,"column":8},"end":{"line":282,"column":22}},{"start":{"line":282,"column":26},"end":{"line":282,"column":28}}]},"27":{"loc":{"start":{"line":282,"column":8},"end":{"line":282,"column":26}},"type":"binary-expr","locations":[{"start":{"line":282,"column":8},"end":{"line":282,"column":26}},{"start":{"line":282,"column":8},"end":{"line":282,"column":26}}]},"28":{"loc":{"start":{"line":293,"column":12},"end":{"line":293,"column":43}},"type":"cond-expr","locations":[{"start":{"line":293,"column":37},"end":{"line":293,"column":41}},{"start":{"line":293,"column":41},"end":{"line":293,"column":43}}]},"29":{"loc":{"start":{"line":293,"column":12},"end":{"line":293,"column":41}},"type":"binary-expr","locations":[{"start":{"line":293,"column":12},"end":{"line":293,"column":41}},{"start":{"line":293,"column":37},"end":{"line":293,"column":41}}]}},"s":{"0":2,"1":2,"2":2,"3":6,"4":5,"5":1,"6":1,"7":1,"8":2,"9":1,"10":1,"11":2,"12":0,"13":5,"14":5,"15":3,"16":1,"17":1,"18":0,"19":0,"20":1,"21":1,"22":0,"23":0,"24":5,"25":5,"26":5,"27":5,"28":5,"29":4,"30":1,"31":1,"32":1,"33":0,"34":0,"35":1,"36":1,"37":1,"38":1,"39":0,"40":1,"41":5,"42":2},"f":{"0":2,"1":6,"2":5,"3":2,"4":5,"5":0,"6":5,"7":5,"8":5,"9":5,"10":0,"11":0,"12":1,"13":0,"14":5},"b":{"0":[5,1],"1":[1,1,1,2],"2":[1],"3":[1,0],"4":[5,5],"5":[1,4],"6":[0,3,1,1],"7":[0,5],"8":[5,5],"9":[1,0],"10":[0,1],"11":[1,1],"12":[1,0],"13":[5,5],"14":[1,4],"15":[1,4],"16":[1,4],"17":[1,4],"18":[5,5],"19":[0,5],"20":[5,0],"21":[5,5],"22":[4],"23":[1,0],"24":[1,1],"25":[1,0],"26":[1,0],"27":[1,1],"28":[1,0],"29":[1,1]}}
,"/home/runner/work/estuary-rpc/estuary-rpc/estuary-rpc/statusCodes.ts": {"path":"/home/runner/work/estuary-rpc/estuary-rpc/estuary-rpc/statusCodes.ts","statementMap":{"0":{"start":{"line":5,"column":13},"end":{"line":66,"column":2}}},"fnMap":{},"branchMap":{},"s":{"0":2},"f":{},"b":{}}
,"/home/runner/work/estuary-rpc/estuary-rpc/estuary-rpc/stream.ts": {"path":"/home/runner/work/estuary-rpc/estuary-rpc/estuary-rpc/stream.ts","statementMap":{"0":{"start":{"line":82,"column":18},"end":{"line":84,"column":1}},"1":{"start":{"line":83,"column":2},"end":{"line":83,"column":39}},"2":{"start":{"line":86,"column":44},"end":{"line":91,"column":2}},"3":{"start":{"line":92,"column":46},"end":{"line":97,"column":2}},"4":{"start":{"line":114,"column":10},"end":{"line":114,"column":51}},"5":{"start":{"line":118,"column":4},"end":{"line":118,"column":65}},"6":{"start":{"line":118,"column":34},"end":{"line":118,"column":63}},"7":{"start":{"line":122,"column":4},"end":{"line":122,"column":63}},"8":{"start":{"line":122,"column":34},"end":{"line":122,"column":61}},"9":{"start":{"line":126,"column":4},"end":{"line":126,"column":49}},"10":{"start":{"line":126,"column":34},"end":{"line":126,"column":48}},"11":{"start":{"line":130,"column":4},"end":{"line":130,"column":34}},"12":{"start":{"line":134,"column":4},"end":{"line":134,"column":65}},"13":{"start":{"line":134,"column":50},"end":{"line":134,"column":63}},"14":{"start":{"line":142,"column":4},"end":{"line":152,"column":null}},"15":{"start":{"line":144,"column":8},"end":{"line":144,"column":60}},"16":{"start":{"line":145,"column":8},"end":{"line":145,"column":14}},"17":{"start":{"line":147,"column":8},"end":{"line":147,"column":53}},"18":{"start":{"line":148,"column":8},"end":{"line":148,"column":14}},"19":{"start":{"line":150,"column":8},"end":{"line":150,"column":53}},"20":{"start":{"line":151,"column":8},"end":{"line":151,"column":14}},"21":{"start":{"line":159,"column":19},"end":{"line":159,"column":34}},"22":{"start":{"line":160,"column":4},"end":{"line":164,"column":7}},"23":{"start":{"line":161,"column":27},"end":{"line":161,"column":46}},"24":{"start":{"line":165,"column":4},"end":{"line":165,"column":18}},"25":{"start":{"line":172,"column":19},"end":{"line":172,"column":34}},"26":{"start":{"line":173,"column":4},"end":{"line":177,"column":7}},"27":{"start":{"line":174,"column":27},"end":{"line":174,"column":44}},"28":{"start":{"line":178,"column":4},"end":{"line":178,"column":18}},"29":{"start":{"line":113,"column":0},"end":{"line":113,"column":13}},"30":{"start":{"line":214,"column":4},"end":{"line":214,"column":29}},"31":{"start":{"line":215,"column":4},"end":{"line":215,"column":29}},"32":{"start":{"line":216,"column":4},"end":{"line":225,"column":6}},"33":{"start":{"line":217,"column":22},"end":{"line":217,"column":46}},"34":{"start":{"line":218,"column":22},"end":{"line":218,"column":46}},"35":{"start":{"line":219,"column":19},"end":{"line":219,"column":40}},"36":{"start":{"line":220,"column":22},"end":{"line":220,"column":46}},"37":{"start":{"line":221,"column":29},"end":{"line":221,"column":60}},"38":{"start":{"line":222,"column":32},"end":{"line":222,"column":66}},"39":{"start":{"line":223,"column":22},"end":{"line":223,"column":46}},"40":{"start":{"line":224,"column":21},"end":{"line":224,"column":44}},"41":{"start":{"line":226,"column":4},"end":{"line":235,"column":6}},"42":{"start":{"line":227,"column":22},"end":{"line":227,"column":46}},"43":{"start":{"line":228,"column":22},"end":{"line":228,"column":46}},"44":{"start":{"line":229,"column":19},"end":{"line":229,"column":40}},"45":{"start":{"line":230,"column":22},"end":{"line":230,"column":46}},"46":{"start":{"line":231,"column":29},"end":{"line":231,"column":60}},"47":{"start":{"line":232,"column":32},"end":{"line":232,"column":66}},"48":{"start":{"line":233,"column":22},"end":{"line":233,"column":46}},"49":{"start":{"line":234,"column":21},"end":{"line":234,"column":44}},"50":{"start":{"line":246,"column":4},"end":{"line":249,"column":6}},"51":{"start":{"line":257,"column":4},"end":{"line":260,"column":6}},"52":{"start":{"line":267,"column":4},"end":{"line":270,"column":6}},"53":{"start":{"line":189,"column":0},"end":{"line":189,"column":13}},"54":{"start":{"line":297,"column":17},"end":{"line":297,"column":38}},"55":{"start":{"line":298,"column":2},"end":{"line":298,"column":40}},"56":{"start":{"line":299,"column":2},"end":{"line":299,"column":23}},"57":{"start":{"line":293,"column":0},"end":{"line":293,"column":22}},"58":{"start":{"line":302,"column":0},"end":{"line":302,"column":22}}},"fnMap":{"0":{"name":"(anonymous_7)","decl":{"start":{"line":82,"column":18},"end":{"line":82,"column":21}},"loc":{"start":{"line":82,"column":23},"end":{"line":84,"column":1}}},"1":{"name":"(anonymous_8)","decl":{"start":{"line":113,"column":0},"end":{"line":113,"column":13}},"loc":{"start":{"line":113,"column":0},"end":{"line":180,"column":1}}},"2":{"name":"(anonymous_9)","decl":{"start":{"line":117,"column":2},"end":{"line":117,"column":7}},"loc":{"start":{"line":117,"column":12},"end":{"line":119,"column":3}}},"3":{"name":"(anonymous_10)","decl":{"start":{"line":118,"column":27},"end":{"line":118,"column":28}},"loc":{"start":{"line":118,"column":34},"end":{"line":118,"column":63}}},"4":{"name":"(anonymous_11)","decl":{"start":{"line":121,"column":2},"end":{"line":121,"column":7}},"loc":{"start":{"line":121,"column":18},"end":{"line":123,"column":3}}},"5":{"name":"(anonymous_12)","decl":{"start":{"line":122,"column":27},"end":{"line":122,"column":28}},"loc":{"start":{"line":122,"column":34},"end":{"line":122,"column":61}}},"6":{"name":"(anonymous_13)","decl":{"start":{"line":125,"column":2},"end":{"line":125,"column":7}},"loc":{"start":{"line":125,"column":7},"end":{"line":127,"column":3}}},"7":{"name":"(anonymous_14)","decl":{"start":{"line":126,"column":27},"end":{"line":126,"column":28}},"loc":{"start":{"line":126,"column":33},"end":{"line":126,"column":48}}},"8":{"name":"(anonymous_15)","decl":{"start":{"line":129,"column":2},"end":{"line":129,"column":13}},"loc":{"start":{"line":129,"column":41},"end":{"line":131,"column":3}}},"9":{"name":"(anonymous_16)","decl":{"start":{"line":133,"column":2},"end":{"line":133,"column":16}},"loc":{"start":{"line":133,"column":44},"end":{"line":135,"column":3}}},"10":{"name":"(anonymous_17)","decl":{"start":{"line":134,"column":43},"end":{"line":134,"column":44}},"loc":{"start":{"line":134,"column":50},"end":{"line":134,"column":63}}},"11":{"name":"(anonymous_18)","decl":{"start":{"line":138,"column":2},"end":{"line":138,"column":4}},"loc":{"start":{"line":140,"column":40},"end":{"line":153,"column":3}}},"12":{"name":"(anonymous_19)","decl":{"start":{"line":158,"column":2},"end":{"line":158,"column":8}},"loc":{"start":{"line":158,"column":27},"end":{"line":166,"column":3}}},"13":{"name":"(anonymous_20)","decl":{"start":{"line":161,"column":17},"end":{"line":161,"column":18}},"loc":{"start":{"line":161,"column":27},"end":{"line":161,"column":46}}},"14":{"name":"(anonymous_21)","decl":{"start":{"line":171,"column":2},"end":{"line":171,"column":7}},"loc":{"start":{"line":171,"column":26},"end":{"line":179,"column":3}}},"15":{"name":"(anonymous_22)","decl":{"start":{"line":174,"column":17},"end":{"line":174,"column":18}},"loc":{"start":{"line":174,"column":27},"end":{"line":174,"column":44}}},"16":{"name":"(anonymous_23)","decl":{"start":{"line":213,"column":2},"end":{"line":213,"column":14}},"loc":{"start":{"line":213,"column":71},"end":{"line":236,"column":3}}},"17":{"name":"(anonymous_24)","decl":{"start":{"line":217,"column":13},"end":{"line":217,"column":14}},"loc":{"start":{"line":217,"column":22},"end":{"line":217,"column":46}}},"18":{"name":"(anonymous_25)","decl":{"start":{"line":218,"column":13},"end":{"line":218,"column":14}},"loc":{"start":{"line":218,"column":22},"end":{"line":218,"column":46}}},"19":{"name":"(anonymous_26)","decl":{"start":{"line":219,"column":13},"end":{"line":219,"column":16}},"loc":{"start":{"line":219,"column":19},"end":{"line":219,"column":40}}},"20":{"name":"(anonymous_27)","decl":{"start":{"line":220,"column":14},"end":{"line":220,"column":15}},"loc":{"start":{"line":220,"column":22},"end":{"line":220,"column":46}}},"21":{"name":"(anonymous_28)","decl":{"start":{"line":221,"column":19},"end":{"line":221,"column":20}},"loc":{"start":{"line":221,"column":29},"end":{"line":221,"column":60}}},"22":{"name":"(anonymous_29)","decl":{"start":{"line":222,"column":22},"end":{"line":222,"column":23}},"loc":{"start":{"line":222,"column":32},"end":{"line":222,"column":66}}},"23":{"name":"(anonymous_30)","decl":{"start":{"line":223,"column":10},"end":{"line":223,"column":11}},"loc":{"start":{"line":223,"column":22},"end":{"line":223,"column":46}}},"24":{"name":"(anonymous_31)","decl":{"start":{"line":224,"column":13},"end":{"line":224,"column":14}},"loc":{"start":{"line":224,"column":21},"end":{"line":224,"column":44}}},"25":{"name":"(anonymous_32)","decl":{"start":{"line":227,"column":13},"end":{"line":227,"column":14}},"loc":{"start":{"line":227,"column":22},"end":{"line":227,"column":46}}},"26":{"name":"(anonymous_33)","decl":{"start":{"line":228,"column":13},"end":{"line":228,"column":14}},"loc":{"start":{"line":228,"column":22},"end":{"line":228,"column":46}}},"27":{"name":"(anonymous_34)","decl":{"start":{"line":229,"column":13},"end":{"line":229,"column":16}},"loc":{"start":{"line":229,"column":19},"end":{"line":229,"column":40}}},"28":{"name":"(anonymous_35)","decl":{"start":{"line":230,"column":14},"end":{"line":230,"column":15}},"loc":{"start":{"line":230,"column":22},"end":{"line":230,"column":46}}},"29":{"name":"(anonymous_36)","decl":{"start":{"line":231,"column":19},"end":{"line":231,"column":20}},"loc":{"start":{"line":231,"column":29},"end":{"line":231,"column":60}}},"30":{"name":"(anonymous_37)","decl":{"start":{"line":232,"column":22},"end":{"line":232,"column":23}},"loc":{"start":{"line":232,"column":32},"end":{"line":232,"column":66}}},"31":{"name":"(anonymous_38)","decl":{"start":{"line":233,"column":10},"end":{"line":233,"column":11}},"loc":{"start":{"line":233,"column":22},"end":{"line":233,"column":46}}},"32":{"name":"(anonymous_39)","decl":{"start":{"line":234,"column":13},"end":{"line":234,"column":14}},"loc":{"start":{"line":234,"column":21},"end":{"line":234,"column":44}}},"33":{"name":"(anonymous_40)","decl":{"start":{"line":242,"column":2},"end":{"line":242,"column":5}},"loc":{"start":{"line":244,"column":34},"end":{"line":250,"column":3}}},"34":{"name":"(anonymous_41)","decl":{"start":{"line":256,"column":2},"end":{"line":256,"column":13}},"loc":{"start":{"line":256,"column":13},"end":{"line":261,"column":3}}},"35":{"name":"(anonymous_42)","decl":{"start":{"line":266,"column":2},"end":{"line":266,"column":13}},"loc":{"start":{"line":266,"column":13},"end":{"line":271,"column":3}}},"36":{"name":"openStreamHandler","decl":{"start":{"line":293,"column":22},"end":{"line":293,"column":39}},"loc":{"start":{"line":295,"column":19},"end":{"line":300,"column":null}}}},"branchMap":{"0":{"loc":{"start":{"line":118,"column":34},"end":{"line":118,"column":63}},"type":"binary-expr","locations":[{"start":{"line":118,"column":34},"end":{"line":118,"column":45}},{"start":{"line":118,"column":49},"end":{"line":118,"column":63}}]},"1":{"loc":{"start":{"line":122,"column":34},"end":{"line":122,"column":61}},"type":"binary-expr","locations":[{"start":{"line":122,"column":34},"end":{"line":122,"column":43}},{"start":{"line":122,"column":47},"end":{"line":122,"column":61}}]},"2":{"loc":{"start":{"line":126,"column":34},"end":{"line":126,"column":47}},"type":"cond-expr","locations":[{"start":{"line":126,"column":43},"end":{"line":126,"column":47}},{"start":{"line":126,"column":43},"end":{"line":126,"column":47}}]},"3":{"loc":{"start":{"line":126,"column":34},"end":{"line":126,"column":47}},"type":"binary-expr","locations":[{"start":{"line":126,"column":34},"end":{"line":126,"column":47}},{"start":{"line":126,"column":43},"end":{"line":126,"column":47}}]},"4":{"loc":{"start":{"line":142,"column":4},"end":{"line":152,"column":null}},"type":"switch","locations":[{"start":{"line":143,"column":6},"end":{"line":145,"column":14}},{"start":{"line":146,"column":6},"end":{"line":148,"column":14}},{"start":{"line":149,"column":6},"end":{"line":151,"column":14}}]},"5":{"loc":{"start":{"line":213,"column":14},"end":{"line":213,"column":41}},"type":"default-arg","locations":[{"start":{"line":213,"column":25},"end":{"line":213,"column":41}}]},"6":{"loc":{"start":{"line":213,"column":43},"end":{"line":213,"column":71}},"type":"default-arg","locations":[{"start":{"line":213,"column":54},"end":{"line":213,"column":71}}]}},"s":{"0":3,"1":0,"2":3,"3":3,"4":4,"5":6,"6":7,"7":1,"8":2,"9":1,"10":1,"11":5,"12":1,"13":2,"14":2,"15":1,"16":1,"17":0,"18":0,"19":1,"20":1,"21":1,"22":1,"23":2,"24":1,"25":1,"26":1,"27":1,"28":1,"29":3,"30":0,"31":0,"32":0,"33":0,"34":0,"35":0,"36":0,"37":0,"38":0,"39":0,"40":0,"41":0,"42":0,"43":0,"44":0,"45":0,"46":0,"47":0,"48":0,"49":0,"50":0,"51":0,"52":0,"53":3,"54":0,"55":0,"56":0,"57":3,"58":3},"f":{"0":0,"1":4,"2":6,"3":7,"4":1,"5":2,"6":1,"7":1,"8":5,"9":1,"10":2,"11":2,"12":1,"13":2,"14":1,"15":1,"16":0,"17":0,"18":0,"19":0,"20":0,"21":0,"22":0,"23":0,"24":0,"25":0,"26":0,"27":0,"28":0,"29":0,"30":0,"31":0,"32":0,"33":0,"34":0,"35":0,"36":0},"b":{"0":[7,6],"1":[2,1],"2":[0,1],"3":[1,1],"4":[1,0,1],"5":[0],"6":[0]}}
,"/home/runner/work/estuary-rpc/estuary-rpc/estuary-rpc/types.ts": {"path":"/home/runner/work/estuary-rpc/estuary-rpc/estuary-rpc/types.ts","statementMap":{"0":{"start":{"line":118,"column":0},"end":{"line":118,"column":null}},"1":{"start":{"line":120,"column":2},"end":{"line":120,"column":null}},"2":{"start":{"line":122,"column":2},"end":{"line":122,"column":null}},"3":{"start":{"line":124,"column":2},"end":{"line":124,"column":null}},"4":{"start":{"line":126,"column":2},"end":{"line":126,"column":null}},"5":{"start":{"line":133,"column":13},"end":{"line":133,"column":44}}},"fnMap":{"0":{"name":"(anonymous_0)","decl":{"start":{"line":118,"column":0},"end":{"line":118,"column":12}},"loc":{"start":{"line":118,"column":25},"end":{"line":127,"column":1}}}},"branchMap":{"0":{"loc":{"start":{"line":118,"column":12},"end":{"line":118,"column":null}},"type":"binary-expr","locations":[{"start":{"line":118,"column":12},"end":{"line":118,"column":25}},{"start":{"line":118,"column":12},"end":{"line":118,"column":null}}]}},"s":{"0":2,"1":2,"2":2,"3":2,"4":2,"5":2},"f":{"0":2},"b":{"0":[2,2]}}
,"/home/runner/work/estuary-rpc/estuary-rpc/estuary-rpc-client/client.ts": {"path":"/home/runner/work/estuary-rpc/estuary-rpc/estuary-rpc-client/client.ts","statementMap":{"0":{"start":{"line":1,"column":0},"end":{"line":1,"column":null}},"1":{"start":{"line":12,"column":0},"end":{"line":12,"column":28}},"2":{"start":{"line":54,"column":14},"end":{"line":54,"column":55}},"3":{"start":{"line":55,"column":2},"end":{"line":57,"column":null}},"4":{"start":{"line":56,"column":4},"end":{"line":56,"column":60}},"5":{"start":{"line":58,"column":2},"end":{"line":58,"column":13}},"6":{"start":{"line":53,"column":0},"end":{"line":53,"column":16}},"7":{"start":{"line":77,"column":20},"end":{"line":77,"column":75}},"8":{"start":{"line":79,"column":2},"end":{"line":225,"column":5}},"9":{"start":{"line":80,"column":16},"end":{"line":80,"column":36}},"10":{"start":{"line":81,"column":16},"end":{"line":81,"column":28}},"11":{"start":{"line":82,"column":4},"end":{"line":86,"column":null}},"12":{"start":{"line":83,"column":6},"end":{"line":85,"column":null}},"13":{"start":{"line":84,"column":8},"end":{"line":84,"column":55}},"14":{"start":{"line":87,"column":4},"end":{"line":103,"column":null}},"15":{"start":{"line":89,"column":6},"end":{"line":102,"column":null}},"16":{"start":{"line":90,"column":8},"end":{"line":96,"column":10}},"17":{"start":{"line":91,"column":10},"end":{"line":94,"column":null}},"18":{"start":{"line":98,"column":8},"end":{"line":101,"column":10}},"19":{"start":{"line":104,"column":4},"end":{"line":109,"column":null}},"20":{"start":{"line":105,"column":6},"end":{"line":108,"column":8}},"21":{"start":{"line":111,"column":4},"end":{"line":111,"column":42}},"22":{"start":{"line":112,"column":4},"end":{"line":114,"column":null}},"23":{"start":{"line":113,"column":6},"end":{"line":113,"column":34}},"24":{"start":{"line":116,"column":4},"end":{"line":120,"column":null}},"25":{"start":{"line":117,"column":6},"end":{"line":117,"column":39}},"26":{"start":{"line":119,"column":6},"end":{"line":119,"column":57}},"27":{"start":{"line":122,"column":46},"end":{"line":122,"column":50}},"28":{"start":{"line":123,"column":4},"end":{"line":143,"column":null}},"29":{"start":{"line":125,"column":39},"end":{"line":125,"column":64}},"30":{"start":{"line":126,"column":8},"end":{"line":129,"column":10}},"31":{"start":{"line":130,"column":8},"end":{"line":130,"column":14}},"32":{"start":{"line":132,"column":8},"end":{"line":135,"column":10}},"33":{"start":{"line":136,"column":8},"end":{"line":136,"column":14}},"34":{"start":{"line":138,"column":8},"end":{"line":141,"column":10}},"35":{"start":{"line":142,"column":8},"end":{"line":142,"column":14}},"36":{"start":{"line":144,"column":4},"end":{"line":187,"column":null}},"37":{"start":{"line":146,"column":8},"end":{"line":146,"column":65}},"38":{"start":{"line":147,"column":8},"end":{"line":147,"column":45}},"39":{"start":{"line":148,"column":8},"end":{"line":148,"column":14}},"40":{"start":{"line":150,"column":8},"end":{"line":153,"column":10}},"41":{"start":{"line":154,"column":8},"end":{"line":154,"column":14}},"42":{"start":{"line":157,"column":25},"end":{"line":157,"column":39}},"43":{"start":{"line":158,"column":8},"end":{"line":178,"column":null}},"44":{"start":{"line":159,"column":10},"end":{"line":159,"column":50}},"45":{"start":{"line":160,"column":15},"end":{"line":178,"column":null}},"46":{"start":{"line":162,"column":10},"end":{"line":165,"column":12}},"47":{"start":{"line":167,"column":10},"end":{"line":177,"column":13}},"48":{"start":{"line":170,"column":12},"end":{"line":176,"column":16}},"49":{"start":{"line":171,"column":14},"end":{"line":176,"column":16}},"50":{"start":{"line":179,"column":8},"end":{"line":179,"column":24}},"51":{"start":{"line":180,"column":8},"end":{"line":180,"column":14}},"52":{"start":{"line":182,"column":8},"end":{"line":182,"column":68}},"53":{"start":{"line":183,"column":8},"end":{"line":185,"column":null}},"54":{"start":{"line":184,"column":10},"end":{"line":184,"column":43}},"55":{"start":{"line":186,"column":8},"end":{"line":186,"column":14}},"56":{"start":{"line":189,"column":4},"end":{"line":213,"column":6}},"57":{"start":{"line":190,"column":6},"end":{"line":212,"column":null}},"58":{"start":{"line":191,"column":8},"end":{"line":191,"column":45}},"59":{"start":{"line":192,"column":13},"end":{"line":212,"column":null}},"60":{"start":{"line":193,"column":8},"end":{"line":202,"column":null}},"61":{"start":{"line":196,"column":12},"end":{"line":198,"column":44}},"62":{"start":{"line":199,"column":10},"end":{"line":199,"column":52}},"63":{"start":{"line":201,"column":10},"end":{"line":201,"column":22}},"64":{"start":{"line":204,"column":8},"end":{"line":211,"column":null}},"65":{"start":{"line":205,"column":32},"end":{"line":205,"column":60}},"66":{"start":{"line":206,"column":10},"end":{"line":208,"column":null}},"67":{"start":{"line":207,"column":12},"end":{"line":207,"column":53}},"68":{"start":{"line":210,"column":10},"end":{"line":210,"column":22}},"69":{"start":{"line":215,"column":4},"end":{"line":215,"column":59}},"70":{"start":{"line":215,"column":24},"end":{"line":215,"column":58}},"71":{"start":{"line":217,"column":4},"end":{"line":217,"column":57}},"72":{"start":{"line":217,"column":26},"end":{"line":217,"column":56}},"73":{"start":{"line":219,"column":4},"end":{"line":221,"column":null}},"74":{"start":{"line":220,"column":6},"end":{"line":220,"column":52}},"75":{"start":{"line":222,"column":4},"end":{"line":222,"column":33}},"76":{"start":{"line":224,"column":4},"end":{"line":224,"column":19}},"77":{"start":{"line":71,"column":0},"end":{"line":71,"column":16}},"78":{"start":{"line":233,"column":17},"end":{"line":234,"column":50}},"79":{"start":{"line":233,"column":58},"end":{"line":234,"column":50}},"80":{"start":{"line":234,"column":4},"end":{"line":234,"column":50}},"81":{"start":{"line":235,"column":2},"end":{"line":235,"column":37}},"82":{"start":{"line":241,"column":20},"end":{"line":241,"column":75}},"83":{"start":{"line":243,"column":17},"end":{"line":277,"column":4}},"84":{"start":{"line":243,"column":60},"end":{"line":277,"column":4}},"85":{"start":{"line":244,"column":23},"end":{"line":244,"column":29}},"86":{"start":{"line":245,"column":15},"end":{"line":245,"column":42}},"87":{"start":{"line":246,"column":4},"end":{"line":248,"column":null}},"88":{"start":{"line":247,"column":6},"end":{"line":247,"column":36}},"89":{"start":{"line":249,"column":4},"end":{"line":255,"column":6}},"90":{"start":{"line":250,"column":6},"end":{"line":254,"column":8}},"91":{"start":{"line":256,"column":4},"end":{"line":256,"column":71}},"92":{"start":{"line":256,"column":32},"end":{"line":256,"column":70}},"93":{"start":{"line":257,"column":4},"end":{"line":257,"column":30}},"94":{"start":{"line":259,"column":4},"end":{"line":259,"column":25}},"95":{"start":{"line":260,"column":4},"end":{"line":276,"column":6}},"96":{"start":{"line":262,"column":9},"end":{"line":275,"column":9}},"97":{"start":{"line":263,"column":10},"end":{"line":273,"column":13}},"98":{"start":{"line":265,"column":14},"end":{"line":268,"column":null}},"99":{"start":{"line":271,"column":14},"end":{"line":271,"column":68}},"100":{"start":{"line":272,"column":27},"end":{"line":272,"column":37}},"101":{"start":{"line":274,"column":10},"end":{"line":274,"column":20}},"102":{"start":{"line":279,"column":2},"end":{"line":279,"column":37}},"103":{"start":{"line":336,"column":41},"end":{"line":336,"column":43}},"104":{"start":{"line":337,"column":2},"end":{"line":351,"column":5}},"105":{"start":{"line":338,"column":4},"end":{"line":350,"column":null}},"106":{"start":{"line":339,"column":19},"end":{"line":339,"column":39}},"107":{"start":{"line":340,"column":6},"end":{"line":344,"column":null}},"108":{"start":{"line":341,"column":8},"end":{"line":341,"column":57}},"109":{"start":{"line":343,"column":8},"end":{"line":343,"column":59}},"110":{"start":{"line":346,"column":6},"end":{"line":349,"column":8}},"111":{"start":{"line":352,"column":2},"end":{"line":352,"column":18}},"112":{"start":{"line":332,"column":0},"end":{"line":332,"column":16}}},"fnMap":{"0":{"name":"getUrl","decl":{"start":{"line":53,"column":16},"end":{"line":53,"column":22}},"loc":{"start":{"line":53,"column":39},"end":{"line":59,"column":1}}},"1":{"name":"superFetch","decl":{"start":{"line":71,"column":16},"end":{"line":71,"column":26}},"loc":{"start":{"line":75,"column":25},"end":{"line":226,"column":1}}},"2":{"name":"(anonymous_13)","decl":{"start":{"line":79,"column":26},"end":{"line":79,"column":27}},"loc":{"start":{"line":79,"column":46},"end":{"line":225,"column":3}}},"3":{"name":"(anonymous_14)","decl":{"start":{"line":90,"column":38},"end":{"line":90,"column":39}},"loc":{"start":{"line":91,"column":10},"end":{"line":94,"column":null}}},"4":{"name":"(anonymous_15)","decl":{"start":{"line":169,"column":20},"end":{"line":169,"column":21}},"loc":{"start":{"line":169,"column":37},"end":{"line":177,"column":11}}},"5":{"name":"(anonymous_16)","decl":{"start":{"line":189,"column":17},"end":{"line":189,"column":20}},"loc":{"start":{"line":189,"column":22},"end":{"line":213,"column":5}}},"6":{"name":"(anonymous_17)","decl":{"start":{"line":215,"column":18},"end":{"line":215,"column":21}},"loc":{"start":{"line":215,"column":24},"end":{"line":215,"column":58}}},"7":{"name":"(anonymous_18)","decl":{"start":{"line":217,"column":20},"end":{"line":217,"column":23}},"loc":{"start":{"line":217,"column":26},"end":{"line":217,"column":56}}},"8":{"name":"createRestEndpoint","decl":{"start":{"line":228,"column":9},"end":{"line":228,"column":27}},"loc":{"start":{"line":231,"column":33},"end":{"line":236,"column":1}}},"9":{"name":"(anonymous_20)","decl":{"start":{"line":233,"column":17},"end":{"line":233,"column":24}},"loc":{"start":{"line":233,"column":58},"end":{"line":234,"column":50}}},"10":{"name":"(anonymous_21)","decl":{"start":{"line":233,"column":58},"end":{"line":233,"column":null}},"loc":{"start":{"line":233,"column":58},"end":{"line":234,"column":50}}},"11":{"name":"createWsEndpoint","decl":{"start":{"line":237,"column":9},"end":{"line":237,"column":25}},"loc":{"start":{"line":239,"column":16},"end":{"line":280,"column":1}}},"12":{"name":"(anonymous_23)","decl":{"start":{"line":243,"column":17},"end":{"line":243,"column":24}},"loc":{"start":{"line":243,"column":60},"end":{"line":277,"column":4}}},"13":{"name":"(anonymous_24)","decl":{"start":{"line":243,"column":60},"end":{"line":243,"column":null}},"loc":{"start":{"line":243,"column":60},"end":{"line":277,"column":3}}},"14":{"name":"(anonymous_25)","decl":{"start":{"line":249,"column":19},"end":{"line":249,"column":20}},"loc":{"start":{"line":249,"column":45},"end":{"line":255,"column":5}}},"15":{"name":"(anonymous_26)","decl":{"start":{"line":256,"column":17},"end":{"line":256,"column":18}},"loc":{"start":{"line":256,"column":32},"end":{"line":256,"column":70}}},"16":{"name":"(anonymous_27)","decl":{"start":{"line":261,"column":6},"end":{"line":261,"column":7}},"loc":{"start":{"line":262,"column":9},"end":{"line":275,"column":9}}},"17":{"name":"(anonymous_28)","decl":{"start":{"line":262,"column":21},"end":{"line":262,"column":24}},"loc":{"start":{"line":262,"column":26},"end":{"line":275,"column":9}}},"18":{"name":"(anonymous_29)","decl":{"start":{"line":264,"column":23},"end":{"line":264,"column":24}},"loc":{"start":{"line":265,"column":14},"end":{"line":268,"column":null}}},"19":{"name":"(anonymous_30)","decl":{"start":{"line":270,"column":21},"end":{"line":270,"column":22}},"loc":{"start":{"line":271,"column":14},"end":{"line":271,"column":68}}},"20":{"name":"(anonymous_31)","decl":{"start":{"line":272,"column":21},"end":{"line":272,"column":24}},"loc":{"start":{"line":272,"column":27},"end":{"line":272,"column":37}}},"21":{"name":"createApiClient","decl":{"start":{"line":332,"column":16},"end":{"line":332,"column":31}},"loc":{"start":{"line":335,"column":35},"end":{"line":353,"column":1}}},"22":{"name":"(anonymous_33)","decl":{"start":{"line":337,"column":27},"end":{"line":337,"column":28}},"loc":{"start":{"line":337,"column":47},"end":{"line":351,"column":3}}}},"branchMap":{"0":{"loc":{"start":{"line":55,"column":2},"end":{"line":57,"column":null}},"type":"if","locations":[{"start":{"line":55,"column":2},"end":{"line":57,"column":null}}]},"1":{"loc":{"start":{"line":56,"column":19},"end":{"line":56,"column":59}},"type":"cond-expr","locations":[{"start":{"line":56,"column":46},"end":{"line":56,"column":51}},{"start":{"line":56,"column":54},"end":{"line":56,"column":59}}]},"2":{"loc":{"start":{"line":77,"column":20},"end":{"line":77,"column":75}},"type":"binary-expr","locations":[{"start":{"line":77,"column":20},"end":{"line":77,"column":34}},{"start":{"line":77,"column":38},"end":{"line":77,"column":75}}]},"3":{"loc":{"start":{"line":82,"column":4},"end":{"line":86,"column":null}},"type":"if","locations":[{"start":{"line":82,"column":4},"end":{"line":86,"column":null}}]},"4":{"loc":{"start":{"line":82,"column":8},"end":{"line":82,"column":20}},"type":"cond-expr","locations":[{"start":{"line":82,"column":12},"end":{"line":82,"column":14}},{"start":{"line":82,"column":8},"end":{"line":82,"column":20}}]},"5":{"loc":{"start":{"line":82,"column":8},"end":{"line":82,"column":14}},"type":"binary-expr","locations":[{"start":{"line":82,"column":8},"end":{"line":82,"column":14}},{"start":{"line":82,"column":8},"end":{"line":82,"column":14}}]},"6":{"loc":{"start":{"line":87,"column":4},"end":{"line":103,"column":null}},"type":"if","locations":[{"start":{"line":87,"column":4},"end":{"line":103,"column":null}}]},"7":{"loc":{"start":{"line":89,"column":6},"end":{"line":102,"column":null}},"type":"if","locations":[{"start":{"line":89,"column":6},"end":{"line":102,"column":null}},{"start":{"line":97,"column":13},"end":{"line":102,"column":null}}]},"8":{"loc":{"start":{"line":90,"column":23},"end":{"line":90,"column":32}},"type":"cond-expr","locations":[{"start":{"line":90,"column":23},"end":{"line":90,"column":26}},{"start":{"line":90,"column":30},"end":{"line":90,"column":32}}]},"9":{"loc":{"start":{"line":90,"column":23},"end":{"line":90,"column":30}},"type":"binary-expr","locations":[{"start":{"line":90,"column":23},"end":{"line":90,"column":30}},{"start":{"line":90,"column":23},"end":{"line":90,"column":30}}]},"10":{"loc":{"start":{"line":94,"column":12},"end":{"line":94,"column":72}},"type":"cond-expr","locations":[{"start":{"line":94,"column":35},"end":{"line":94,"column":48}},{"start":{"line":94,"column":51},"end":{"line":94,"column":72}}]},"11":{"loc":{"start":{"line":100,"column":10},"end":{"line":100,"column":66}},"type":"cond-expr","locations":[{"start":{"line":100,"column":33},"end":{"line":100,"column":44}},{"start":{"line":100,"column":47},"end":{"line":100,"column":66}}]},"12":{"loc":{"start":{"line":104,"column":4},"end":{"line":109,"column":null}},"type":"if","locations":[{"start":{"line":104,"column":4},"end":{"line":109,"column":null}}]},"13":{"loc":{"start":{"line":104,"column":8},"end":{"line":104,"column":40}},"type":"cond-expr","locations":[{"start":{"line":104,"column":34},"end":{"line":104,"column":36}},{"start":{"line":104,"column":34},"end":{"line":104,"column":40}}]},"14":{"loc":{"start":{"line":104,"column":8},"end":{"line":104,"column":36}},"type":"binary-expr","locations":[{"start":{"line":104,"column":8},"end":{"line":104,"column":36}},{"start":{"line":104,"column":34},"end":{"line":104,"column":36}}]},"15":{"loc":{"start":{"line":104,"column":8},"end":{"line":104,"column":34}},"type":"cond-expr","locations":[{"start":{"line":104,"column":18},"end":{"line":104,"column":20}},{"start":{"line":104,"column":8},"end":{"line":104,"column":34}}]},"16":{"loc":{"start":{"line":104,"column":8},"end":{"line":104,"column":20}},"type":"binary-expr","locations":[{"start":{"line":104,"column":8},"end":{"line":104,"column":20}},{"start":{"line":104,"column":8},"end":{"line":104,"column":20}}]},"17":{"loc":{"start":{"line":107,"column":8},"end":{"line":107,"column":50}},"type":"cond-expr","locations":[{"start":{"line":107,"column":44},"end":{"line":107,"column":48}},{"start":{"line":107,"column":48},"end":{"line":107,"column":50}}]},"18":{"loc":{"start":{"line":107,"column":8},"end":{"line":107,"column":48}},"type":"binary-expr","locations":[{"start":{"line":107,"column":8},"end":{"line":107,"column":48}},{"start":{"line":107,"column":44},"end":{"line":107,"column":48}}]},"19":{"loc":{"start":{"line":112,"column":4},"end":{"line":114,"column":null}},"type":"if","locations":[{"start":{"line":112,"column":4},"end":{"line":114,"column":null}}]},"20":{"loc":{"start":{"line":112,"column":8},"end":{"line":112,"column":21}},"type":"cond-expr","locations":[{"start":{"line":112,"column":12},"end":{"line":112,"column":14}},{"start":{"line":112,"column":8},"end":{"line":112,"column":21}}]},"21":{"loc":{"start":{"line":112,"column":8},"end":{"line":112,"column":14}},"type":"binary-expr","locations":[{"start":{"line":112,"column":8},"end":{"line":112,"column":14}},{"start":{"line":112,"column":8},"end":{"line":112,"column":14}}]},"22":{"loc":{"start":{"line":113,"column":20},"end":{"line":113,"column":33}},"type":"cond-expr","locations":[{"start":{"line":113,"column":24},"end":{"line":113,"column":26}},{"start":{"line":113,"column":20},"end":{"line":113,"column":33}}]},"23":{"loc":{"start":{"line":113,"column":20},"end":{"line":113,"column":26}},"type":"binary-expr","locations":[{"start":{"line":113,"column":20},"end":{"line":113,"column":26}},{"start":{"line":113,"column":20},"end":{"line":113,"column":26}}]},"24":{"loc":{"start":{"line":116,"column":4},"end":{"line":120,"column":null}},"type":"if","locations":[{"start":{"line":116,"column":4},"end":{"line":120,"column":null}},{"start":{"line":118,"column":11},"end":{"line":120,"column":null}}]},"25":{"loc":{"start":{"line":123,"column":4},"end":{"line":143,"column":null}},"type":"switch","locations":[{"start":{"line":124,"column":6},"end":{"line":130,"column":14}},{"start":{"line":131,"column":6},"end":{"line":136,"column":14}},{"start":{"line":137,"column":6},"end":{"line":142,"column":14}}]},"26":{"loc":{"start":{"line":123,"column":12},"end":{"line":123,"column":44}},"type":"cond-expr","locations":[{"start":{"line":123,"column":38},"end":{"line":123,"column":40}},{"start":{"line":123,"column":38},"end":{"line":123,"column":44}}]},"27":{"loc":{"start":{"line":123,"column":12},"end":{"line":123,"column":40}},"type":"binary-expr","locations":[{"start":{"line":123,"column":12},"end":{"line":123,"column":40}},{"start":{"line":123,"column":38},"end":{"line":123,"column":40}}]},"28":{"loc":{"start":{"line":123,"column":12},"end":{"line":123,"column":38}},"type":"cond-expr","locations":[{"start":{"line":123,"column":22},"end":{"line":123,"column":24}},{"start":{"line":123,"column":12},"end":{"line":123,"column":38}}]},"29":{"loc":{"start":{"line":123,"column":12},"end":{"line":123,"column":24}},"type":"binary-expr","locations":[{"start":{"line":123,"column":12},"end":{"line":123,"column":24}},{"start":{"line":123,"column":12},"end":{"line":123,"column":24}}]},"30":{"loc":{"start":{"line":140,"column":10},"end":{"line":140,"column":52}},"type":"cond-expr","locations":[{"start":{"line":140,"column":46},"end":{"line":140,"column":50}},{"start":{"line":140,"column":50},"end":{"line":140,"column":52}}]},"31":{"loc":{"start":{"line":140,"column":10},"end":{"line":140,"column":50}},"type":"binary-expr","locations":[{"start":{"line":140,"column":10},"end":{"line":140,"column":50}},{"start":{"line":140,"column":46},"end":{"line":140,"column":50}}]},"32":{"loc":{"start":{"line":144,"column":4},"end":{"line":187,"column":null}},"type":"switch","locations":[{"start":{"line":145,"column":6},"end":{"line":148,"column":14}},{"start":{"line":149,"column":6},"end":{"line":154,"column":14}},{"start":{"line":155,"column":6},"end":{"line":180,"column":14}},{"start":{"line":181,"column":6},"end":{"line":186,"column":14}}]},"33":{"loc":{"start":{"line":158,"column":8},"end":{"line":178,"column":null}},"type":"if","locations":[{"start":{"line":158,"column":8},"end":{"line":178,"column":null}},{"start":{"line":160,"column":15},"end":{"line":178,"column":null}}]},"34":{"loc":{"start":{"line":160,"column":15},"end":{"line":178,"column":null}},"type":"if","locations":[{"start":{"line":160,"column":15},"end":{"line":178,"column":null}},{"start":{"line":166,"column":15},"end":{"line":178,"column":null}}]},"35":{"loc":{"start":{"line":164,"column":12},"end":{"line":164,"column":76}},"type":"cond-expr","locations":[{"start":{"line":164,"column":35},"end":{"line":164,"column":46}},{"start":{"line":164,"column":49},"end":{"line":164,"column":76}}]},"36":{"loc":{"start":{"line":170,"column":12},"end":{"line":176,"column":16}},"type":"if","locations":[{"start":{"line":170,"column":12},"end":{"line":176,"column":16}}]},"37":{"loc":{"start":{"line":173,"column":16},"end":{"line":175,"column":41}},"type":"cond-expr","locations":[{"start":{"line":174,"column":20},"end":{"line":174,"column":25}},{"start":{"line":175,"column":20},"end":{"line":175,"column":41}}]},"38":{"loc":{"start":{"line":173,"column":16},"end":{"line":173,"column":61}},"type":"binary-expr","locations":[{"start":{"line":173,"column":16},"end":{"line":173,"column":37}},{"start":{"line":173,"column":41},"end":{"line":173,"column":61}}]},"39":{"loc":{"start":{"line":183,"column":8},"end":{"line":185,"column":null}},"type":"if","locations":[{"start":{"line":183,"column":8},"end":{"line":185,"column":null}}]},"40":{"loc":{"start":{"line":190,"column":6},"end":{"line":212,"column":null}},"type":"if","locations":[{"start":{"line":190,"column":6},"end":{"line":212,"column":null}},{"start":{"line":192,"column":13},"end":{"line":212,"column":null}}]},"41":{"loc":{"start":{"line":192,"column":13},"end":{"line":212,"column":null}},"type":"if","locations":[{"start":{"line":192,"column":13},"end":{"line":212,"column":null}},{"start":{"line":203,"column":13},"end":{"line":212,"column":null}}]},"42":{"loc":{"start":{"line":196,"column":12},"end":{"line":198,"column":44}},"type":"cond-expr","locations":[{"start":{"line":197,"column":16},"end":{"line":197,"column":54}},{"start":{"line":198,"column":16},"end":{"line":198,"column":44}}]},"43":{"loc":{"start":{"line":206,"column":10},"end":{"line":208,"column":null}},"type":"if","locations":[{"start":{"line":206,"column":10},"end":{"line":208,"column":null}}]},"44":{"loc":{"start":{"line":219,"column":4},"end":{"line":221,"column":null}},"type":"if","locations":[{"start":{"line":219,"column":4},"end":{"line":221,"column":null}}]},"45":{"loc":{"start":{"line":222,"column":4},"end":{"line":222,"column":32}},"type":"cond-expr","locations":[{"start":{"line":222,"column":25},"end":{"line":222,"column":28}},{"start":{"line":222,"column":25},"end":{"line":222,"column":32}}]},"46":{"loc":{"start":{"line":222,"column":4},"end":{"line":222,"column":28}},"type":"binary-expr","locations":[{"start":{"line":222,"column":4},"end":{"line":222,"column":28}},{"start":{"line":222,"column":25},"end":{"line":222,"column":28}}]},"47":{"loc":{"start":{"line":222,"column":4},"end":{"line":222,"column":25}},"type":"cond-expr","locations":[{"start":{"line":222,"column":14},"end":{"line":222,"column":16}},{"start":{"line":222,"column":4},"end":{"line":222,"column":25}}]},"48":{"loc":{"start":{"line":222,"column":4},"end":{"line":222,"column":16}},"type":"binary-expr","locations":[{"start":{"line":222,"column":4},"end":{"line":222,"column":16}},{"start":{"line":222,"column":4},"end":{"line":222,"column":16}}]},"49":{"loc":{"start":{"line":234,"column":26},"end":{"line":234,"column":36}},"type":"cond-expr","locations":[{"start":{"line":234,"column":26},"end":{"line":234,"column":30}},{"start":{"line":234,"column":34},"end":{"line":234,"column":36}}]},"50":{"loc":{"start":{"line":234,"column":26},"end":{"line":234,"column":34}},"type":"binary-expr","locations":[{"start":{"line":234,"column":26},"end":{"line":234,"column":34}},{"start":{"line":234,"column":26},"end":{"line":234,"column":34}}]},"51":{"loc":{"start":{"line":241,"column":20},"end":{"line":241,"column":75}},"type":"binary-expr","locations":[{"start":{"line":241,"column":20},"end":{"line":241,"column":34}},{"start":{"line":241,"column":38},"end":{"line":241,"column":75}}]},"52":{"loc":{"start":{"line":246,"column":4},"end":{"line":248,"column":null}},"type":"if","locations":[{"start":{"line":246,"column":4},"end":{"line":248,"column":null}}]},"53":{"loc":{"start":{"line":251,"column":8},"end":{"line":253,"column":46}},"type":"cond-expr","locations":[{"start":{"line":252,"column":12},"end":{"line":252,"column":56}},{"start":{"line":253,"column":12},"end":{"line":253,"column":46}}]},"54":{"loc":{"start":{"line":266,"column":16},"end":{"line":268,"column":39}},"type":"cond-expr","locations":[{"start":{"line":267,"column":20},"end":{"line":267,"column":45}},{"start":{"line":268,"column":20},"end":{"line":268,"column":39}}]},"55":{"loc":{"start":{"line":338,"column":4},"end":{"line":350,"column":null}},"type":"if","locations":[{"start":{"line":338,"column":4},"end":{"line":350,"column":null}},{"start":{"line":345,"column":11},"end":{"line":350,"column":null}}]},"56":{"loc":{"start":{"line":340,"column":6},"end":{"line":344,"column":null}},"type":"if","locations":[{"start":{"line":340,"column":6},"end":{"line":344,"column":null}},{"start":{"line":342,"column":13},"end":{"line":344,"column":null}}]}},"s":{"0":0,"1":0,"2":0,"3":0,"4":0,"5":0,"6":0,"7":0,"8":0,"9":0,"10":0,"11":0,"12":0,"13":0,"14":0,"15":0,"16":0,"17":0,"18":0,"19":0,"20":0,"21":0,"22":0,"23":0,"24":0,"25":0,"26":0,"27":0,"28":0,"29":0,"30":0,"31":0,"32":0,"33":0,"34":0,"35":0,"36":0,"37":0,"38":0,"39":0,"40":0,"41":0,"42":0,"43":0,"44":0,"45":0,"46":0,"47":0,"48":0,"49":0,"50":0,"51":0,"52":0,"53":0,"54":0,"55":0,"56":0,"57":0,"58":0,"59":0,"60":0,"61":0,"62":0,"63":0,"64":0,"65":0,"66":0,"67":0,"68":0,"69":0,"70":0,"71":0,"72":0,"73":0,"74":0,"75":0,"76":0,"77":0,"78":0,"79":0,"80":0,"81":0,"82":0,"83":0,"84":0,"85":0,"86":0,"87":0,"88":0,"89":0,"90":0,"91":0,"92":0,"93":0,"94":0,"95":0,"96":0,"97":0,"98":0,"99":0,"100":0,"101":0,"102":0,"103":0,"104":0,"105":0,"106":0,"107":0,"108":0,"109":0,"110":0,"111":0,"112":0},"f":{"0":0,"1":0,"2":0,"3":0,"4":0,"5":0,"6":0,"7":0,"8":0,"9":0,"10":0,"11":0,"12":0,"13":0,"14":0,"15":0,"16":0,"17":0,"18":0,"19":0,"20":0,"21":0,"22":0},"b":{"0":[0],"1":[0,0],"2":[0,0],"3":[0],"4":[0,0],"5":[0,0],"6":[0],"7":[0,0],"8":[0,0],"9":[0,0],"10":[0,0],"11":[0,0],"12":[0],"13":[0,0],"14":[0,0],"15":[0,0],"16":[0,0],"17":[0,0],"18":[0,0],"19":[0],"20":[0,0],"21":[0,0],"22":[0,0],"23":[0,0],"24":[0,0],"25":[0,0,0],"26":[0,0],"27":[0,0],"28":[0,0],"29":[0,0],"30":[0,0],"31":[0,0],"32":[0,0,0,0],"33":[0,0],"34":[0,0],"35":[0,0],"36":[0],"37":[0,0],"38":[0,0],"39":[0],"40":[0,0],"41":[0,0],"42":[0,0],"43":[0],"44":[0],"45":[0,0],"46":[0,0],"47":[0,0],"48":[0,0],"49":[0,0],"50":[0,0],"51":[0,0],"52":[0],"53":[0,0],"54":[0,0],"55":[0,0],"56":[0,0]}}
,"/home/runner/work/estuary-rpc/estuary-rpc/estuary-rpc-server/authentication.ts": {"path":"/home/runner/work/estuary-rpc/estuary-rpc/estuary-rpc-server/authentication.ts","statementMap":{"0":{"start":{"line":4,"column":0},"end":{"line":4,"column":38}},"1":{"start":{"line":12,"column":2},"end":{"line":27,"column":4}},"2":{"start":{"line":14,"column":28},"end":{"line":14,"column":45}},"3":{"start":{"line":15,"column":6},"end":{"line":15,"column":26}},"4":{"start":{"line":16,"column":6},"end":{"line":18,"column":null}},"5":{"start":{"line":17,"column":8},"end":{"line":17,"column":23}},"6":{"start":{"line":19,"column":20},"end":{"line":19,"column":41}},"7":{"start":{"line":20,"column":6},"end":{"line":22,"column":null}},"8":{"start":{"line":21,"column":8},"end":{"line":21,"column":23}},"9":{"start":{"line":23,"column":6},"end":{"line":23,"column":48}},"10":{"start":{"line":24,"column":6},"end":{"line":24,"column":21}},"11":{"start":{"line":11,"column":0},"end":{"line":11,"column":16}},"12":{"start":{"line":46,"column":41},"end":{"line":46,"column":50}},"13":{"start":{"line":47,"column":2},"end":{"line":49,"column":null}},"14":{"start":{"line":48,"column":4},"end":{"line":48,"column":24}},"15":{"start":{"line":50,"column":2},"end":{"line":84,"column":null}},"16":{"start":{"line":52,"column":35},"end":{"line":57,"column":19}},"17":{"start":{"line":58,"column":6},"end":{"line":58,"column":65}},"18":{"start":{"line":59,"column":6},"end":{"line":59,"column":40}},"19":{"start":{"line":63,"column":8},"end":{"line":63,"column":70}},"20":{"start":{"line":64,"column":6},"end":{"line":64,"column":36}},"21":{"start":{"line":65,"column":6},"end":{"line":65,"column":40}},"22":{"start":{"line":68,"column":21},"end":{"line":68,"column":40}},"23":{"start":{"line":69,"column":26},"end":{"line":69,"column":61}},"24":{"start":{"line":70,"column":6},"end":{"line":70,"column":61}},"25":{"start":{"line":71,"column":6},"end":{"line":71,"column":40}},"26":{"start":{"line":74,"column":20},"end":{"line":74,"column":39}},"27":{"start":{"line":75,"column":25},"end":{"line":75,"column":75}},"28":{"start":{"line":76,"column":6},"end":{"line":76,"column":59}},"29":{"start":{"line":77,"column":6},"end":{"line":77,"column":40}},"30":{"start":{"line":80,"column":21},"end":{"line":80,"column":40}},"31":{"start":{"line":81,"column":26},"end":{"line":81,"column":62}},"32":{"start":{"line":82,"column":6},"end":{"line":82,"column":61}},"33":{"start":{"line":83,"column":6},"end":{"line":83,"column":40}},"34":{"start":{"line":41,"column":0},"end":{"line":41,"column":16}}},"fnMap":{"0":{"name":"getCookies","decl":{"start":{"line":11,"column":16},"end":{"line":11,"column":26}},"loc":{"start":{"line":11,"column":51},"end":{"line":28,"column":1}}},"1":{"name":"(anonymous_1)","decl":{"start":{"line":13,"column":4},"end":{"line":13,"column":5}},"loc":{"start":{"line":13,"column":24},"end":{"line":25,"column":5}}},"2":{"name":"isAuthenticated","decl":{"start":{"line":41,"column":16},"end":{"line":41,"column":31}},"loc":{"start":{"line":44,"column":60},"end":{"line":85,"column":1}}}},"branchMap":{"0":{"loc":{"start":{"line":12,"column":10},"end":{"line":12,"column":53}},"type":"cond-expr","locations":[{"start":{"line":12,"column":47},"end":{"line":12,"column":51}},{"start":{"line":12,"column":51},"end":{"line":12,"column":53}}]},"1":{"loc":{"start":{"line":12,"column":10},"end":{"line":12,"column":51}},"type":"binary-expr","locations":[{"start":{"line":12,"column":10},"end":{"line":12,"column":51}},{"start":{"line":12,"column":47},"end":{"line":12,"column":51}}]},"2":{"loc":{"start":{"line":12,"column":10},"end":{"line":12,"column":47}},"type":"cond-expr","locations":[{"start":{"line":12,"column":40},"end":{"line":12,"column":43}},{"start":{"line":12,"column":40},"end":{"line":12,"column":47}}]},"3":{"loc":{"start":{"line":12,"column":10},"end":{"line":12,"column":43}},"type":"binary-expr","locations":[{"start":{"line":12,"column":10},"end":{"line":12,"column":43}},{"start":{"line":12,"column":40},"end":{"line":12,"column":43}}]},"4":{"loc":{"start":{"line":12,"column":10},"end":{"line":12,"column":40}},"type":"cond-expr","locations":[{"start":{"line":12,"column":33},"end":{"line":12,"column":35}},{"start":{"line":12,"column":33},"end":{"line":12,"column":40}}]},"5":{"loc":{"start":{"line":12,"column":10},"end":{"line":12,"column":35}},"type":"binary-expr","locations":[{"start":{"line":12,"column":10},"end":{"line":12,"column":35}},{"start":{"line":12,"column":33},"end":{"line":12,"column":35}}]},"6":{"loc":{"start":{"line":12,"column":10},"end":{"line":12,"column":33}},"type":"cond-expr","locations":[{"start":{"line":12,"column":25},"end":{"line":12,"column":27}},{"start":{"line":12,"column":25},"end":{"line":12,"column":33}}]},"7":{"loc":{"start":{"line":12,"column":10},"end":{"line":12,"column":27}},"type":"binary-expr","locations":[{"start":{"line":12,"column":10},"end":{"line":12,"column":27}},{"start":{"line":12,"column":25},"end":{"line":12,"column":27}}]},"8":{"loc":{"start":{"line":15,"column":13},"end":{"line":15,"column":25}},"type":"cond-expr","locations":[{"start":{"line":15,"column":17},"end":{"line":15,"column":19}},{"start":{"line":15,"column":13},"end":{"line":15,"column":25}}]},"9":{"loc":{"start":{"line":15,"column":13},"end":{"line":15,"column":19}},"type":"binary-expr","locations":[{"start":{"line":15,"column":13},"end":{"line":15,"column":19}},{"start":{"line":15,"column":13},"end":{"line":15,"column":19}}]},"10":{"loc":{"start":{"line":16,"column":6},"end":{"line":18,"column":null}},"type":"if","locations":[{"start":{"line":16,"column":6},"end":{"line":18,"column":null}}]},"11":{"loc":{"start":{"line":20,"column":6},"end":{"line":22,"column":null}},"type":"if","locations":[{"start":{"line":20,"column":6},"end":{"line":22,"column":null}}]},"12":{"loc":{"start":{"line":47,"column":2},"end":{"line":49,"column":null}},"type":"if","locations":[{"start":{"line":47,"column":2},"end":{"line":49,"column":null}}]},"13":{"loc":{"start":{"line":47,"column":6},"end":{"line":47,"column":32}},"type":"binary-expr","locations":[{"start":{"line":47,"column":6},"end":{"line":47,"column":15}},{"start":{"line":47,"column":19},"end":{"line":47,"column":32}}]},"14":{"loc":{"start":{"line":50,"column":2},"end":{"line":84,"column":null}},"type":"switch","locations":[{"start":{"line":51,"column":4},"end":{"line":59,"column":40}},{"start":{"line":61,"column":4},"end":{"line":65,"column":40}},{"start":{"line":67,"column":4},"end":{"line":71,"column":40}},{"start":{"line":73,"column":4},"end":{"line":77,"column":40}},{"start":{"line":79,"column":4},"end":{"line":83,"column":40}}]},"15":{"loc":{"start":{"line":53,"column":8},"end":{"line":53,"column":71}},"type":"cond-expr","locations":[{"start":{"line":53,"column":65},"end":{"line":53,"column":69}},{"start":{"line":53,"column":69},"end":{"line":53,"column":71}}]},"16":{"loc":{"start":{"line":53,"column":8},"end":{"line":53,"column":69}},"type":"binary-expr","locations":[{"start":{"line":53,"column":8},"end":{"line":53,"column":69}},{"start":{"line":53,"column":65},"end":{"line":53,"column":69}}]},"17":{"loc":{"start":{"line":53,"column":8},"end":{"line":53,"column":65}},"type":"cond-expr","locations":[{"start":{"line":53,"column":60},"end":{"line":53,"column":63}},{"start":{"line":53,"column":60},"end":{"line":53,"column":65}}]},"18":{"loc":{"start":{"line":53,"column":8},"end":{"line":53,"column":63}},"type":"binary-expr","locations":[{"start":{"line":53,"column":8},"end":{"line":53,"column":63}},{"start":{"line":53,"column":60},"end":{"line":53,"column":63}}]},"19":{"loc":{"start":{"line":53,"column":8},"end":{"line":53,"column":60}},"type":"cond-expr","locations":[{"start":{"line":53,"column":48},"end":{"line":53,"column":51}},{"start":{"line":53,"column":48},"end":{"line":53,"column":60}}]},"20":{"loc":{"start":{"line":53,"column":8},"end":{"line":53,"column":51}},"type":"binary-expr","locations":[{"start":{"line":53,"column":8},"end":{"line":53,"column":51}},{"start":{"line":53,"column":48},"end":{"line":53,"column":51}}]},"21":{"loc":{"start":{"line":53,"column":8},"end":{"line":53,"column":48}},"type":"cond-expr","locations":[{"start":{"line":53,"column":41},"end":{"line":53,"column":43}},{"start":{"line":53,"column":41},"end":{"line":53,"column":48}}]},"22":{"loc":{"start":{"line":53,"column":8},"end":{"line":53,"column":43}},"type":"binary-expr","locations":[{"start":{"line":53,"column":8},"end":{"line":53,"column":43}},{"start":{"line":53,"column":41},"end":{"line":53,"column":43}}]},"23":{"loc":{"start":{"line":58,"column":48},"end":{"line":58,"column":62}},"type":"cond-expr","locations":[{"start":{"line":58,"column":48},"end":{"line":58,"column":56}},{"start":{"line":58,"column":60},"end":{"line":58,"column":62}}]},"24":{"loc":{"start":{"line":58,"column":48},"end":{"line":58,"column":60}},"type":"binary-expr","locations":[{"start":{"line":58,"column":48},"end":{"line":58,"column":60}},{"start":{"line":58,"column":48},"end":{"line":58,"column":60}}]},"25":{"loc":{"start":{"line":63,"column":8},"end":{"line":63,"column":70}},"type":"cond-expr","locations":[{"start":{"line":63,"column":64},"end":{"line":63,"column":68}},{"start":{"line":63,"column":68},"end":{"line":63,"column":70}}]},"26":{"loc":{"start":{"line":63,"column":8},"end":{"line":63,"column":68}},"type":"binary-expr","locations":[{"start":{"line":63,"column":8},"end":{"line":63,"column":68}},{"start":{"line":63,"column":64},"end":{"line":63,"column":68}}]},"27":{"loc":{"start":{"line":63,"column":8},"end":{"line":63,"column":64}},"type":"cond-expr","locations":[{"start":{"line":63,"column":59},"end":{"line":63,"column":62}},{"start":{"line":63,"column":59},"end":{"line":63,"column":64}}]},"28":{"loc":{"start":{"line":63,"column":8},"end":{"line":63,"column":62}},"type":"binary-expr","locations":[{"start":{"line":63,"column":8},"end":{"line":63,"column":62}},{"start":{"line":63,"column":59},"end":{"line":63,"column":62}}]},"29":{"loc":{"start":{"line":63,"column":8},"end":{"line":63,"column":59}},"type":"cond-expr","locations":[{"start":{"line":63,"column":41},"end":{"line":63,"column":43}},{"start":{"line":63,"column":41},"end":{"line":63,"column":59}}]},"30":{"loc":{"start":{"line":63,"column":8},"end":{"line":63,"column":43}},"type":"binary-expr","locations":[{"start":{"line":63,"column":8},"end":{"line":63,"column":43}},{"start":{"line":63,"column":41},"end":{"line":63,"column":43}}]},"31":{"loc":{"start":{"line":69,"column":26},"end":{"line":69,"column":61}},"type":"cond-expr","locations":[{"start":{"line":69,"column":55},"end":{"line":69,"column":59}},{"start":{"line":69,"column":59},"end":{"line":69,"column":61}}]},"32":{"loc":{"start":{"line":69,"column":26},"end":{"line":69,"column":59}},"type":"binary-expr","locations":[{"start":{"line":69,"column":26},"end":{"line":69,"column":59}},{"start":{"line":69,"column":55},"end":{"line":69,"column":59}}]},"33":{"loc":{"start":{"line":69,"column":26},"end":{"line":69,"column":55}},"type":"cond-expr","locations":[{"start":{"line":69,"column":50},"end":{"line":69,"column":53}},{"start":{"line":69,"column":50},"end":{"line":69,"column":55}}]},"34":{"loc":{"start":{"line":69,"column":26},"end":{"line":69,"column":53}},"type":"binary-expr","locations":[{"start":{"line":69,"column":26},"end":{"line":69,"column":53}},{"start":{"line":69,"column":50},"end":{"line":69,"column":53}}]},"35":{"loc":{"start":{"line":75,"column":25},"end":{"line":75,"column":75}},"type":"cond-expr","locations":[{"start":{"line":75,"column":69},"end":{"line":75,"column":73}},{"start":{"line":75,"column":73},"end":{"line":75,"column":75}}]},"36":{"loc":{"start":{"line":75,"column":25},"end":{"line":75,"column":73}},"type":"binary-expr","locations":[{"start":{"line":75,"column":25},"end":{"line":75,"column":73}},{"start":{"line":75,"column":69},"end":{"line":75,"column":73}}]},"37":{"loc":{"start":{"line":75,"column":25},"end":{"line":75,"column":69}},"type":"cond-expr","locations":[{"start":{"line":75,"column":60},"end":{"line":75,"column":63}},{"start":{"line":75,"column":60},"end":{"line":75,"column":69}}]},"38":{"loc":{"start":{"line":75,"column":25},"end":{"line":75,"column":63}},"type":"binary-expr","locations":[{"start":{"line":75,"column":25},"end":{"line":75,"column":63}},{"start":{"line":75,"column":60},"end":{"line":75,"column":63}}]},"39":{"loc":{"start":{"line":75,"column":25},"end":{"line":75,"column":60}},"type":"cond-expr","locations":[{"start":{"line":75,"column":55},"end":{"line":75,"column":57}},{"start":{"line":75,"column":55},"end":{"line":75,"column":60}}]},"40":{"loc":{"start":{"line":75,"column":25},"end":{"line":75,"column":57}},"type":"binary-expr","locations":[{"start":{"line":75,"column":25},"end":{"line":75,"column":57}},{"start":{"line":75,"column":55},"end":{"line":75,"column":57}}]},"41":{"loc":{"start":{"line":75,"column":25},"end":{"line":75,"column":55}},"type":"cond-expr","locations":[{"start":{"line":75,"column":41},"end":{"line":75,"column":43}},{"start":{"line":75,"column":41},"end":{"line":75,"column":55}}]},"42":{"loc":{"start":{"line":75,"column":25},"end":{"line":75,"column":43}},"type":"binary-expr","locations":[{"start":{"line":75,"column":25},"end":{"line":75,"column":43}},{"start":{"line":75,"column":41},"end":{"line":75,"column":43}}]},"43":{"loc":{"start":{"line":81,"column":26},"end":{"line":81,"column":62}},"type":"cond-expr","locations":[{"start":{"line":81,"column":56},"end":{"line":81,"column":60}},{"start":{"line":81,"column":60},"end":{"line":81,"column":62}}]},"44":{"loc":{"start":{"line":81,"column":26},"end":{"line":81,"column":60}},"type":"binary-expr","locations":[{"start":{"line":81,"column":26},"end":{"line":81,"column":60}},{"start":{"line":81,"column":56},"end":{"line":81,"column":60}}]},"45":{"loc":{"start":{"line":81,"column":26},"end":{"line":81,"column":56}},"type":"cond-expr","locations":[{"start":{"line":81,"column":46},"end":{"line":81,"column":49}},{"start":{"line":81,"column":46},"end":{"line":81,"column":56}}]},"46":{"loc":{"start":{"line":81,"column":26},"end":{"line":81,"column":49}},"type":"binary-expr","locations":[{"start":{"line":81,"column":26},"end":{"line":81,"column":49}},{"start":{"line":81,"column":46},"end":{"line":81,"column":49}}]}},"s":{"0":1,"1":4,"2":8,"3":8,"4":8,"5":2,"6":6,"7":6,"8":2,"9":4,"10":4,"11":1,"12":6,"13":6,"14":1,"15":5,"16":1,"17":1,"18":1,"19":1,"20":1,"21":1,"22":1,"23":1,"24":1,"25":1,"26":1,"27":1,"28":1,"29":1,"30":1,"31":1,"32":1,"33":1,"34":1},"f":{"0":4,"1":8,"2":6},"b":{"0":[3,1],"1":[4,4],"2":[1,3],"3":[4,4],"4":[1,3],"5":[4,4],"6":[0,4],"7":[4,4],"8":[0,8],"9":[8,8],"10":[2],"11":[2],"12":[1],"13":[6,5],"14":[1,1,1,1,1],"15":[1,0],"16":[1,1],"17":[0,1],"18":[1,1],"19":[0,1],"20":[1,1],"21":[0,1],"22":[1,1],"23":[1,0],"24":[1,1],"25":[1,0],"26":[1,1],"27":[0,1],"28":[1,1],"29":[0,1],"30":[1,1],"31":[1,0],"32":[1,1],"33":[0,1],"34":[1,1],"35":[1,0],"36":[1,1],"37":[0,1],"38":[1,1],"39":[0,1],"40":[1,1],"41":[0,1],"42":[1,1],"43":[1,0],"44":[1,1],"45":[0,1],"46":[1,1]}}
,"/home/runner/work/estuary-rpc/estuary-rpc/estuary-rpc-server/errors.ts": {"path":"/home/runner/work/estuary-rpc/estuary-rpc/estuary-rpc-server/errors.ts","statementMap":{"0":{"start":{"line":1,"column":0},"end":{"line":1,"column":48}},"1":{"start":{"line":3,"column":13},"end":{"line":3,"column":49}},"2":{"start":{"line":4,"column":13},"end":{"line":4,"column":69}},"3":{"start":{"line":5,"column":13},"end":{"line":5,"column":50}},"4":{"start":{"line":6,"column":13},"end":{"line":6,"column":51}},"5":{"start":{"line":23,"column":2},"end":{"line":26,"column":5}},"6":{"start":{"line":22,"column":0},"end":{"line":22,"column":16}},"7":{"start":{"line":38,"column":2},"end":{"line":49,"column":4}},"8":{"start":{"line":40,"column":6},"end":{"line":42,"column":null}},"9":{"start":{"line":45,"column":6},"end":{"line":47,"column":null}},"10":{"start":{"line":35,"column":0},"end":{"line":35,"column":16}}},"fnMap":{"0":{"name":"errorResponse","decl":{"start":{"line":22,"column":16},"end":{"line":22,"column":29}},"loc":{"start":{"line":22,"column":45},"end":{"line":27,"column":1}}},"1":{"name":"createErrorHandlers","decl":{"start":{"line":35,"column":16},"end":{"line":35,"column":35}},"loc":{"start":{"line":36,"column":53},"end":{"line":50,"column":1}}},"2":{"name":"(anonymous_2)","decl":{"start":{"line":39,"column":16},"end":{"line":39,"column":17}},"loc":{"start":{"line":40,"column":6},"end":{"line":42,"column":null}}},"3":{"name":"(anonymous_3)","decl":{"start":{"line":44,"column":25},"end":{"line":44,"column":26}},"loc":{"start":{"line":45,"column":6},"end":{"line":47,"column":null}}}},"branchMap":{"0":{"loc":{"start":{"line":42,"column":22},"end":{"line":42,"column":52}},"type":"binary-expr","locations":[{"start":{"line":42,"column":22},"end":{"line":42,"column":29}},{"start":{"line":42,"column":33},"end":{"line":42,"column":52}}]},"1":{"loc":{"start":{"line":47,"column":22},"end":{"line":47,"column":62}},"type":"cond-expr","locations":[{"start":{"line":47,"column":22},"end":{"line":47,"column":29}},{"start":{"line":47,"column":33},"end":{"line":47,"column":62}}]},"2":{"loc":{"start":{"line":47,"column":22},"end":{"line":47,"column":33}},"type":"binary-expr","locations":[{"start":{"line":47,"column":22},"end":{"line":47,"column":33}},{"start":{"line":47,"column":22},"end":{"line":47,"column":33}}]}},"s":{"0":1,"1":1,"2":1,"3":1,"4":1,"5":0,"6":1,"7":0,"8":0,"9":0,"10":1},"f":{"0":0,"1":0,"2":0,"3":0},"b":{"0":[0,0],"1":[0,0],"2":[0,0]}}
,"/home/runner/work/estuary-rpc/estuary-rpc/estuary-rpc-server/middleware.ts": {"path":"/home/runner/work/estuary-rpc/estuary-rpc/estuary-rpc-server/middleware.ts","statementMap":{"0":{"start":{"line":2,"column":0},"end":{"line":2,"column":37}},"1":{"start":{"line":3,"column":0},"end":{"line":3,"column":36}},"2":{"start":{"line":5,"column":0},"end":{"line":5,"column":60}},"3":{"start":{"line":7,"column":0},"end":{"line":7,"column":null}},"4":{"start":{"line":14,"column":19},"end":{"line":32,"column":2}},"5":{"start":{"line":39,"column":2},"end":{"line":39,"column":38}},"6":{"start":{"line":38,"column":0},"end":{"line":38,"column":16}},"7":{"start":{"line":49,"column":2},"end":{"line":51,"column":12}},"8":{"start":{"line":50,"column":4},"end":{"line":50,"column":69}},"9":{"start":{"line":52,"column":2},"end":{"line":52,"column":13}},"10":{"start":{"line":47,"column":0},"end":{"line":47,"column":16}},"11":{"start":{"line":55,"column":52},"end":{"line":55,"column":54}},"12":{"start":{"line":57,"column":2},"end":{"line":59,"column":null}},"13":{"start":{"line":58,"column":4},"end":{"line":58,"column":16}},"14":{"start":{"line":60,"column":2},"end":{"line":62,"column":null}},"15":{"start":{"line":61,"column":4},"end":{"line":61,"column":30}},"16":{"start":{"line":63,"column":2},"end":{"line":63,"column":65}},"17":{"start":{"line":63,"column":59},"end":{"line":63,"column":63}},"18":{"start":{"line":64,"column":2},"end":{"line":64,"column":28}},"19":{"start":{"line":71,"column":27},"end":{"line":100,"column":2}},"20":{"start":{"line":77,"column":4},"end":{"line":100,"column":2}},"21":{"start":{"line":78,"column":14},"end":{"line":78,"column":53}},"22":{"start":{"line":80,"column":22},"end":{"line":80,"column":67}},"23":{"start":{"line":81,"column":25},"end":{"line":81,"column":64}},"24":{"start":{"line":83,"column":2},"end":{"line":99,"column":7}},"25":{"start":{"line":85,"column":6},"end":{"line":85,"column":58}},"26":{"start":{"line":86,"column":6},"end":{"line":86,"column":32}},"27":{"start":{"line":89,"column":6},"end":{"line":98,"column":null}},"28":{"start":{"line":90,"column":8},"end":{"line":92,"column":11}},"29":{"start":{"line":93,"column":8},"end":{"line":93,"column":77}},"30":{"start":{"line":95,"column":8},"end":{"line":95,"column":27}},"31":{"start":{"line":96,"column":8},"end":{"line":96,"column":67}},"32":{"start":{"line":97,"column":8},"end":{"line":97,"column":71}},"33":{"start":{"line":71,"column":13},"end":{"line":71,"column":27}},"34":{"start":{"line":112,"column":2},"end":{"line":136,"column":4}},"35":{"start":{"line":119,"column":2},"end":{"line":136,"column":4}},"36":{"start":{"line":119,"column":54},"end":{"line":136,"column":4}},"37":{"start":{"line":120,"column":21},"end":{"line":120,"column":73}},"38":{"start":{"line":121,"column":4},"end":{"line":126,"column":null}},"39":{"start":{"line":123,"column":35},"end":{"line":123,"column":63}},"40":{"start":{"line":125,"column":6},"end":{"line":125,"column":18}},"41":{"start":{"line":128,"column":4},"end":{"line":134,"column":6}},"42":{"start":{"line":135,"column":4},"end":{"line":135,"column":17}},"43":{"start":{"line":111,"column":13},"end":{"line":111,"column":null}},"44":{"start":{"line":145,"column":2},"end":{"line":150,"column":4}},"45":{"start":{"line":142,"column":0},"end":{"line":142,"column":16}}},"fnMap":{"0":{"name":"methodId","decl":{"start":{"line":38,"column":16},"end":{"line":38,"column":24}},"loc":{"start":{"line":38,"column":62},"end":{"line":40,"column":1}}},"1":{"name":"getUrl","decl":{"start":{"line":47,"column":16},"end":{"line":47,"column":22}},"loc":{"start":{"line":47,"column":43},"end":{"line":53,"column":1}}},"2":{"name":"cachedDefaultContent","decl":{"start":{"line":56,"column":15},"end":{"line":56,"column":35}},"loc":{"start":{"line":56,"column":49},"end":{"line":65,"column":null}}},"3":{"name":"(anonymous_11)","decl":{"start":{"line":63,"column":53},"end":{"line":63,"column":56}},"loc":{"star
[...]
":{"line":117,"column":14}},"42":{"start":{"line":119,"column":10},"end":{"line":119,"column":25}},"43":{"start":{"line":121,"column":13},"end":{"line":149,"column":null}},"44":{"start":{"line":123,"column":8},"end":{"line":132,"column":null}},"45":{"start":{"line":124,"column":24},"end":{"line":124,"column":41}},"46":{"start":{"line":125,"column":10},"end":{"line":127,"column":null}},"47":{"start":{"line":126,"column":12},"end":{"line":126,"column":25}},"48":{"start":{"line":129,"column":28},"end":{"line":129,"column":51}},"49":{"start":{"line":130,"column":10},"end":{"line":130,"column":32}},"50":{"start":{"line":131,"column":10},"end":{"line":131,"column":29}},"51":{"start":{"line":133,"column":8},"end":{"line":133,"column":51}},"52":{"start":{"line":134,"column":8},"end":{"line":134,"column":44}},"53":{"start":{"line":136,"column":8},"end":{"line":148,"column":null}},"54":{"start":{"line":137,"column":10},"end":{"line":146,"column":null}},"55":{"start":{"line":141,"column":12},"end":{"line":145,"column":null}},"56":{"start":{"line":142,"column":14},"end":{"line":142,"column":57}},"57":{"start":{"line":144,"column":14},"end":{"line":144,"column":61}},"58":{"start":{"line":147,"column":10},"end":{"line":147,"column":24}},"59":{"start":{"line":152,"column":4},"end":{"line":162,"column":7}},"60":{"start":{"line":154,"column":8},"end":{"line":154,"column":29}},"61":{"start":{"line":157,"column":8},"end":{"line":157,"column":37}},"62":{"start":{"line":160,"column":8},"end":{"line":160,"column":31}},"63":{"start":{"line":164,"column":20},"end":{"line":166,"column":5}},"64":{"start":{"line":165,"column":6},"end":{"line":165,"column":43}},"65":{"start":{"line":167,"column":48},"end":{"line":167,"column":76}},"66":{"start":{"line":169,"column":4},"end":{"line":169,"column":25}},"67":{"start":{"line":170,"column":28},"end":{"line":173,"column":null}},"68":{"start":{"line":175,"column":4},"end":{"line":177,"column":null}},"69":{"start":{"line":176,"column":6},"end":{"line":176,"column":66}},"70":{"start":{"line":179,"column":23},"end":{"line":186,"column":6}},"71":{"start":{"line":188,"column":4},"end":{"line":194,"column":null}},"72":{"start":{"line":189,"column":6},"end":{"line":193,"column":null}},"73":{"start":{"line":190,"column":8},"end":{"line":192,"column":null}},"74":{"start":{"line":191,"column":10},"end":{"line":191,"column":17}},"75":{"start":{"line":196,"column":4},"end":{"line":196,"column":33}},"76":{"start":{"line":64,"column":0},"end":{"line":64,"column":16}},"77":{"start":{"line":211,"column":2},"end":{"line":227,"column":5}},"78":{"start":{"line":212,"column":4},"end":{"line":212,"column":35}},"79":{"start":{"line":215,"column":6},"end":{"line":219,"column":null}},"80":{"start":{"line":221,"column":4},"end":{"line":226,"column":null}},"81":{"start":{"line":222,"column":6},"end":{"line":222,"column":28}},"82":{"start":{"line":224,"column":6},"end":{"line":224,"column":63}},"83":{"start":{"line":225,"column":6},"end":{"line":225,"column":19}},"84":{"start":{"line":206,"column":0},"end":{"line":206,"column":16}}},"fnMap":{"0":{"name":"upgradeConnection","decl":{"start":{"line":40,"column":9},"end":{"line":40,"column":26}},"loc":{"start":{"line":40,"column":63},"end":{"line":52,"column":1}}},"1":{"name":"wsEndpoint","decl":{"start":{"line":64,"column":16},"end":{"line":64,"column":26}},"loc":{"start":{"line":67,"column":30},"end":{"line":198,"column":1}}},"2":{"name":"(anonymous_9)","decl":{"start":{"line":72,"column":18},"end":{"line":72,"column":19}},"loc":{"start":{"line":72,"column":47},"end":{"line":82,"column":3}}},"3":{"name":"(anonymous_10)","decl":{"start":{"line":84,"column":9},"end":{"line":84,"column":16}},"loc":{"start":{"line":84,"column":60},"end":{"line":197,"column":4}}},"4":{"name":"(anonymous_11)","decl":{"start":{"line":84,"column":60},"end":{"line":84,"column":null}},"loc":{"start":{"line":84,"column":60},"end":{"line":197,"column":3}}},"5":{"name":"(anonymous_12)","decl":{"start":{"line":96,"column":22},"end":{"line":96,"column":23}},"loc":{"start":{"line":96,"column":39},"end":{"line":150,"column":5}}},"6":{"name":"(anonymous_13)","decl":{"start":{"line":153,"column":17},"end":{"line":153,"column":18}},"loc":{"start":{"line":153,"column":30},"end":{"line":155,"column":7}}},"7":{"name":"(anonymous_14)","decl":{"start":{"line":156,"column":15},"end":{"line":156,"column":16}},"loc":{"start":{"line":156,"column":25},"end":{"line":158,"column":7}}},"8":{"name":"(anonymous_15)","decl":{"start":{"line":159,"column":15},"end":{"line":159,"column":18}},"loc":{"start":{"line":159,"column":20},"end":{"line":161,"column":7}}},"9":{"name":"(anonymous_16)","decl":{"start":{"line":164,"column":20},"end":{"line":164,"column":21}},"loc":{"start":{"line":164,"column":52},"end":{"line":166,"column":5}}},"10":{"name":"createWsServer","decl":{"start":{"line":206,"column":16},"end":{"line":206,"column":30}},"loc":{"start":{"line":209,"column":21},"end":{"line":228,"column":1}}},"11":{"name":"(anonymous_18)","decl":{"start":{"line":211,"column":23},"end":{"line":211,"column":24}},"loc":{"start":{"line":211,"column":47},"end":{"line":227,"column":3}}}},"branchMap":{"0":{"loc":{"start":{"line":69,"column":21},"end":{"line":71,"column":27}},"type":"binary-expr","locations":[{"start":{"line":69,"column":21},"end":{"line":69,"column":35}},{"start":{"line":69,"column":39},"end":{"line":71,"column":27}}]},"1":{"loc":{"start":{"line":73,"column":4},"end":{"line":81,"column":null}},"type":"if","locations":[{"start":{"line":73,"column":4},"end":{"line":81,"column":null}},{"start":{"line":79,"column":11},"end":{"line":81,"column":null}}]},"2":{"loc":{"start":{"line":74,"column":6},"end":{"line":78,"column":null}},"type":"if","locations":[{"start":{"line":74,"column":6},"end":{"line":78,"column":null}},{"start":{"line":76,"column":13},"end":{"line":78,"column":null}}]},"3":{"loc":{"start":{"line":99,"column":6},"end":{"line":149,"column":null}},"type":"if","locations":[{"start":{"line":99,"column":6},"end":{"line":149,"column":null}},{"start":{"line":102,"column":13},"end":{"line":149,"column":null}}]},"4":{"loc":{"start":{"line":102,"column":13},"end":{"line":149,"column":null}},"type":"if","locations":[{"start":{"line":102,"column":13},"end":{"line":149,"column":null}},{"start":{"line":104,"column":13},"end":{"line":149,"column":null}}]},"5":{"loc":{"start":{"line":104,"column":13},"end":{"line":149,"column":null}},"type":"if","locations":[{"start":{"line":104,"column":13},"end":{"line":149,"column":null}},{"start":{"line":121,"column":13},"end":{"line":149,"column":null}}]},"6":{"loc":{"start":{"line":106,"column":8},"end":{"line":120,"column":null}},"type":"if","locations":[{"start":{"line":106,"column":8},"end":{"line":120,"column":null}}]},"7":{"loc":{"start":{"line":108,"column":12},"end":{"line":112,"column":null}},"type":"if","locations":[{"start":{"line":108,"column":12},"end":{"line":112,"column":null}},{"start":{"line":110,"column":19},"end":{"line":112,"column":null}}]},"8":{"loc":{"start":{"line":121,"column":13},"end":{"line":149,"column":null}},"type":"if","locations":[{"start":{"line":121,"column":13},"end":{"line":149,"column":null}}]},"9":{"loc":{"start":{"line":123,"column":8},"end":{"line":132,"column":null}},"type":"if","locations":[{"start":{"line":123,"column":8},"end":{"line":132,"column":null}}]},"10":{"loc":{"start":{"line":136,"column":8},"end":{"line":148,"column":null}},"type":"if","locations":[{"start":{"line":136,"column":8},"end":{"line":148,"column":null}}]},"11":{"loc":{"start":{"line":137,"column":10},"end":{"line":146,"column":null}},"type":"if","locations":[{"start":{"line":137,"column":10},"end":{"line":146,"column":null}}]},"12":{"loc":{"start":{"line":138,"column":12},"end":{"line":139,"column":30}},"type":"binary-expr","locations":[{"start":{"line":138,"column":12},"end":{"line":138,"column":61}},{"start":{"line":139,"column":12},"end":{"line":139,"column":30}}]},"13":{"loc":{"start":{"line":165,"column":28},"end":{"line":165,"column":41}},"type":"cond-expr","locations":[{"start":{"line":165,"column":28},"end":{"line":165,"column":35}},{"start":{"line":165,"column":39},"end":{"line":165,"column":41}}]},"14":{"loc":{"start":{"line":165,"column":28},"end":{"line":165,"column":39}},"type":"binary-expr","locations":[{"start":{"line":165,"column":28},"end":{"line":165,"column":39}},{"start":{"line":165,"column":28},"end":{"line":165,"column":39}}]},"15":{"loc":{"start":{"line":172,"column":6},"end":{"line":172,"column":61}},"type":"binary-expr","locations":[{"start":{"line":172,"column":6},"end":{"line":172,"column":25}},{"start":{"line":172,"column":29},"end":{"line":172,"column":61}}]},"16":{"loc":{"start":{"line":175,"column":4},"end":{"line":177,"column":null}},"type":"if","locations":[{"start":{"line":175,"column":4},"end":{"line":177,"column":null}}]},"17":{"loc":{"start":{"line":188,"column":4},"end":{"line":194,"column":null}},"type":"if","locations":[{"start":{"line":188,"column":4},"end":{"line":194,"column":null}}]},"18":{"loc":{"start":{"line":190,"column":8},"end":{"line":192,"column":null}},"type":"if","locations":[{"start":{"line":190,"column":8},"end":{"line":192,"column":null}}]},"19":{"loc":{"start":{"line":218,"column":15},"end":{"line":218,"column":52}},"type":"cond-expr","locations":[{"start":{"line":218,"column":46},"end":{"line":218,"column":50}},{"start":{"line":218,"column":50},"end":{"line":218,"column":52}}]},"20":{"loc":{"start":{"line":218,"column":15},"end":{"line":218,"column":50}},"type":"binary-expr","locations":[{"start":{"line":218,"column":15},"end":{"line":218,"column":50}},{"start":{"line":218,"column":46},"end":{"line":218,"column":50}}]},"21":{"loc":{"start":{"line":218,"column":15},"end":{"line":218,"column":46}},"type":"cond-expr","locations":[{"start":{"line":218,"column":36},"end":{"line":218,"column":38}},{"start":{"line":218,"column":36},"end":{"line":218,"column":46}}]},"22":{"loc":{"start":{"line":218,"column":15},"end":{"line":218,"column":38}},"type":"binary-expr","locations":[{"start":{"line":218,"column":15},"end":{"line":218,"column":38}},{"start":{"line":218,"column":36},"end":{"line":218,"column":38}}]},"23":{"loc":{"start":{"line":218,"column":15},"end":{"line":218,"column":36}},"type":"cond-expr","locations":[{"start":{"line":218,"column":26},"end":{"line":218,"column":28}},{"start":{"line":218,"column":26},"end":{"line":218,"column":36}}]},"24":{"loc":{"start":{"line":218,"column":15},"end":{"line":218,"column":28}},"type":"binary-expr","locations":[{"start":{"line":218,"column":15},"end":{"line":218,"column":28}},{"start":{"line":218,"column":26},"end":{"line":218,"column":28}}]},"25":{"loc":{"start":{"line":221,"column":4},"end":{"line":226,"column":null}},"type":"if","locations":[{"start":{"line":221,"column":4},"end":{"line":226,"column":null}},{"start":{"line":223,"column":11},"end":{"line":226,"column":null}}]}},"s":{"0":0,"1":0,"2":0,"3":0,"4":0,"5":0,"6":0,"7":0,"8":0,"9":0,"10":0,"11":0,"12":0,"13":0,"14":0,"15":0,"16":0,"17":0,"18":0,"19":0,"20":0,"21":0,"22":0,"23":0,"24":0,"25":0,"26":0,"27":0,"28":0,"29":0,"30":0,"31":0,"32":0,"33":0,"34":0,"35":0,"36":0,"37":0,"38":0,"39":0,"40":0,"41":0,"42":0,"43":0,"44":0,"45":0,"46":0,"47":0,"48":0,"49":0,"50":0,"51":0,"52":0,"53":0,"54":0,"55":0,"56":0,"57":0,"58":0,"59":0,"60":0,"61":0,"62":0,"63":0,"64":0,"65":0,"66":0,"67":0,"68":0,"69":0,"70":0,"71":0,"72":0,"73":0,"74":0,"75":0,"76":0,"77":0,"78":0,"79":0,"80":0,"81":0,"82":0,"83":0,"84":0},"f":{"0":0,"1":0,"2":0,"3":0,"4":0,"5":0,"6":0,"7":0,"8":0,"9":0,"10":0,"11":0},"b":{"0":[0,0],"1":[0,0],"2":[0,0],"3":[0,0],"4":[0,0],"5":[0,0],"6":[0],"7":[0,0],"8":[0],"9":[0],"10":[0],"11":[0],"12":[0,0],"13":[0,0],"14":[0,0],"15":[0,0],"16":[0],"17":[0],"18":[0],"19":[0,0],"20":[0,0],"21":[0,0],"22":[0,0],"23":[0,0],"24":[0,0],"25":[0,0]}}
,"/home/runner/work/estuary-rpc/estuary-rpc/estuary-rpc-server/wsDataFrame.ts": {"path":"/home/runner/work/estuary-rpc/estuary-rpc/estuary-rpc-server/wsDataFrame.ts","statementMap":{"0":{"start":{"line":2,"column":0},"end":{"line":2,"column":35}},"1":{"start":{"line":26,"column":0},"end":{"line":26,"column":null}},"2":{"start":{"line":27,"column":2},"end":{"line":27,"column":null}},"3":{"start":{"line":28,"column":2},"end":{"line":28,"column":null}},"4":{"start":{"line":29,"column":2},"end":{"line":29,"column":null}},"5":{"start":{"line":30,"column":2},"end":{"line":30,"column":null}},"6":{"start":{"line":31,"column":2},"end":{"line":31,"column":null}},"7":{"start":{"line":32,"column":2},"end":{"line":32,"column":null}},"8":{"start":{"line":33,"column":2},"end":{"line":33,"column":null}},"9":{"start":{"line":37,"column":16},"end":{"line":37,"column":35}},"10":{"start":{"line":38,"column":2},"end":{"line":46,"column":null}},"11":{"start":{"line":39,"column":4},"end":{"line":39,"column":46}},"12":{"start":{"line":40,"column":9},"end":{"line":46,"column":null}},"13":{"start":{"line":41,"column":16},"end":{"line":41,"column":48}},"14":{"start":{"line":42,"column":4},"end":{"line":44,"column":null}},"15":{"start":{"line":43,"column":6},"end":{"line":43,"column":59}},"16":{"start":{"line":45,"column":4},"end":{"line":45,"column":28}},"17":{"start":{"line":47,"column":2},"end":{"line":47,"column":20}},"18":{"start":{"line":51,"column":15},"end":{"line":51,"column":16}},"19":{"start":{"line":52,"column":14},"end":{"line":52,"column":46}},"20":{"start":{"line":53,"column":20},"end":{"line":53,"column":38}},"21":{"start":{"line":55,"column":4},"end":{"line":55,"column":58}},"22":{"start":{"line":57,"column":2},"end":{"line":57,"column":11}},"23":{"start":{"line":59,"column":18},"end":{"line":59,"column":50}},"24":{"start":{"line":61,"column":37},"end":{"line":61,"column":65}},"25":{"start":{"line":62,"column":2},"end":{"line":62,"column":25}},"26":{"start":{"line":63,"column":34},"end":{"line":65,"column":10}},"27":{"start":{"line":66,"column":2},"end":{"line":66,"column":28}},"28":{"start":{"line":69,"column":4},"end":{"line":74,"column":67}},"29":{"start":{"line":72,"column":33},"end":{"line":72,"column":61}},"30":{"start":{"line":76,"column":2},"end":{"line":76,"column":61}},"31":{"start":{"line":50,"column":0},"end":{"line":50,"column":16}},"32":{"start":{"line":82,"column":4},"end":{"line":91,"column":10}},"33":{"start":{"line":92,"column":14},"end":{"line":92,"column":70}},"34":{"start":{"line":93,"column":2},"end":{"line":93,"column":45}},"35":{"start":{"line":94,"column":2},"end":{"line":94,"column":24}},"36":{"start":{"line":95,"column":2},"end":{"line":95,"column":44}},"37":{"start":{"line":96,"column":2},"end":{"line":96,"column":20}},"38":{"start":{"line":79,"column":0},"end":{"line":79,"column":16}},"39":{"start":{"line":101,"column":2},"end":{"line":101,"column":60}},"40":{"start":{"line":100,"column":0},"end":{"line":100,"column":16}},"41":{"start":{"line":105,"column":2},"end":{"line":109,"column":5}},"42":{"start":{"line":104,"column":0},"end":{"line":104,"column":16}},"43":{"start":{"line":116,"column":2},"end":{"line":120,"column":5}},"44":{"start":{"line":112,"column":0},"end":{"line":112,"column":16}},"45":{"start":{"line":122,"column":16},"end":{"line":122,"column":33}},"46":{"start":{"line":125,"column":2},"end":{"line":129,"column":5}},"47":{"start":{"line":124,"column":0},"end":{"line":124,"column":16}}},"fnMap":{"0":{"name":"(anonymous_0)","decl":{"start":{"line":26,"column":0},"end":{"line":26,"column":12}},"loc":{"start":{"line":26,"column":20},"end":{"line":34,"column":1}}},"1":{"name":"findPayloadLen","decl":{"start":{"line":36,"column":9},"end":{"line":36,"column":23}},"loc":{"start":{"line":36,"column":52},"end":{"line":48,"column":1}}},"2":{"name":"parseDataFrame","decl":{"start":{"line":50,"column":16},"end":{"line":50,"column":30}},"loc":{"start":{"line":50,"column":43},"end":{"line":77,"column":1}}},"3":{"name":"(anonymous_3)","decl":{"start":{"line":72,"column":10},"end":{"line":72,"column":11}},"loc":{"start":{"line":72,"column":33},"end":{"line":72,"column":61}}},"4":{"name":"sendDataFrame","decl":{"start":{"line":79,"column":16},"end":{"line":79,"column":29}},"loc":{"start":{"line":79,"column":59},"end":{"line":97,"column":1}}},"5":{"name":"sendPongFrame","decl":{"start":{"line":100,"column":16},"end":{"line":100,"column":29}},"loc":{"start":{"line":100,"column":61},"end":{"line":102,"column":1}}},"6":{"name":"sendCloseFrame","decl":{"start":{"line":104,"column":16},"end":{"line":104,"column":30}},"loc":{"start":{"line":104,"column":67},"end":{"line":110,"column":1}}},"7":{"name":"sendBinaryFrame","decl":{"start":{"line":112,"column":16},"end":{"line":112,"column":31}},"loc":{"start":{"line":114,"column":40},"end":{"line":121,"column":1}}},"8":{"name":"sendTextFrame","decl":{"start":{"line":124,"column":16},"end":{"line":124,"column":29}},"loc":{"start":{"line":124,"column":61},"end":{"line":130,"column":1}}}},"branchMap":{"0":{"loc":{"start":{"line":26,"column":12},"end":{"line":26,"column":null}},"type":"binary-expr","locations":[{"start":{"line":26,"column":12},"end":{"line":26,"column":20}},{"start":{"line":26,"column":12},"end":{"line":26,"column":null}}]},"1":{"loc":{"start":{"line":38,"column":2},"end":{"line":46,"column":null}},"type":"if","locations":[{"start":{"line":38,"column":2},"end":{"line":46,"column":null}},{"start":{"line":40,"column":9},"end":{"line":46,"column":null}}]},"2":{"loc":{"start":{"line":40,"column":9},"end":{"line":46,"column":null}},"type":"if","locations":[{"start":{"line":40,"column":9},"end":{"line":46,"column":null}}]},"3":{"loc":{"start":{"line":42,"column":4},"end":{"line":44,"column":null}},"type":"if","locations":[{"start":{"line":42,"column":4},"end":{"line":44,"column":null}}]},"4":{"loc":{"start":{"line":55,"column":4},"end":{"line":55,"column":58}},"type":"cond-expr","locations":[{"start":{"line":55,"column":28},"end":{"line":55,"column":37}},{"start":{"line":55,"column":40},"end":{"line":55,"column":58}}]},"5":{"loc":{"start":{"line":63,"column":34},"end":{"line":65,"column":10}},"type":"cond-expr","locations":[{"start":{"line":64,"column":6},"end":{"line":64,"column":39}},{"start":{"line":65,"column":6},"end":{"line":65,"column":10}}]},"6":{"loc":{"start":{"line":66,"column":12},"end":{"line":66,"column":27}},"type":"cond-expr","locations":[{"start":{"line":66,"column":22},"end":{"line":66,"column":23}},{"start":{"line":66,"column":26},"end":{"line":66,"column":27}}]},"7":{"loc":{"start":{"line":69,"column":4},"end":{"line":74,"column":67}},"type":"cond-expr","locations":[{"start":{"line":70,"column":8},"end":{"line":72,"column":null}},{"start":{"line":74,"column":8},"end":{"line":74,"column":67}}]},"8":{"loc":{"start":{"line":82,"column":4},"end":{"line":91,"column":10}},"type":"cond-expr","locations":[{"start":{"line":83,"column":8},"end":{"line":83,"column":27}},{"start":{"line":84,"column":8},"end":{"line":91,"column":10}}]},"9":{"loc":{"start":{"line":84,"column":8},"end":{"line":91,"column":10}},"type":"cond-expr","locations":[{"start":{"line":85,"column":8},"end":{"line":85,"column":63}},{"start":{"line":86,"column":8},"end":{"line":91,"column":10}}]},"10":{"loc":{"start":{"line":104,"column":47},"end":{"line":104,"column":67}},"type":"default-arg","locations":[{"start":{"line":104,"column":65},"end":{"line":104,"column":67}}]},"11":{"loc":{"start":{"line":114,"column":2},"end":{"line":114,"column":40}},"type":"default-arg","locations":[{"start":{"line":114,"column":24},"end":{"line":114,"column":40}}]}},"s":{"0":0,"1":0,"2":0,"3":0,"4":0,"5":0,"6":0,"7":0,"8":0,"9":0,"10":0,"11":0,"12":0,"13":0,"14":0,"15":0,"16":0,"17":0,"18":0,"19":0,"20":0,"21":0,"22":0,"23":0,"24":0,"25":0,"26":0,"27":0,"28":0,"29":0,"30":0,"31":0,"32":0,"33":0,"34":0,"35":0,"36":0,"37":0,"38":0,"39":0,"40":0,"41":0,"42":0,"43":0,"44":0,"45":0,"46":0,"47":0},"f":{"0":0,"1":0,"2":0,"3":0,"4":0,"5":0,"6":0,"7":0,"8":0},"b":{"0":[0,0],"1":[0,0],"2":[0],"3":[0],"4":[0,0],"5":[0,0],"6":[0,0],"7":[0,0],"8":[0,0],"9":[0,0],"10":[0],"11":[0]}}
}
