{"total": {"lines":{"total":620,"covered":207,"skipped":0,"pct":33.38},"statements":{"total":642,"covered":215,"skipped":0,"pct":33.48},"functions":{"total":151,"covered":46,"skipped":0,"pct":30.46},"branches":{"total":531,"covered":177,"skipped":0,"pct":33.33},"branchesTrue":{"total":0,"covered":0,"skipped":0,"pct":100}}
,"/home/runner/work/estuary-rpc/estuary-rpc/estuary-rpc/api.ts": {"lines":{"total":18,"covered":18,"skipped":0,"pct":100},"functions":{"total":9,"covered":9,"skipped":0,"pct":100},"statements":{"total":19,"covered":19,"skipped":0,"pct":100},"branches":{"total":0,"covered":0,"skipped":0,"pct":100}}
,"/home/runner/work/estuary-rpc/estuary-rpc/estuary-rpc/openApi.ts": {"lines":{"total":41,"covered":35,"skipped":0,"pct":85.36},"functions":{"total":15,"covered":11,"skipped":0,"pct":73.33},"statements":{"total":43,"covered":35,"skipped":0,"pct":81.39},"branches":{"total":62,"covered":50,"skipped":0,"pct":80.64}}
,"/home/runner/work/estuary-rpc/estuary-rpc/estuary-rpc/statusCodes.ts": {"lines":{"total":1,"covered":1,"skipped":0,"pct":100},"functions":{"total":0,"covered":0,"skipped":0,"pct":100},"statements":{"total":1,"covered":1,"skipped":0,"pct":100},"branches":{"total":0,"covered":0,"skipped":0,"pct":100}}
,"/home/runner/work/estuary-rpc/estuary-rpc/estuary-rpc/stream.ts": {"lines":{"total":55,"covered":26,"skipped":0,"pct":47.27},"functions":{"total":37,"covered":15,"skipped":0,"pct":40.54},"statements":{"total":59,"covered":30,"skipped":0,"pct":50.84},"branches":{"total":13,"covered":9,"skipped":0,"pct":69.23}}
,"/home/runner/work/estuary-rpc/estuary-rpc/estuary-rpc/types.ts": {"lines":{"total":6,"covered":6,"skipped":0,"pct":100},"functions":{"total":1,"covered":1,"skipped":0,"pct":100},"statements":{"total":6,"covered":6,"skipped":0,"pct":100},"branches":{"total":2,"covered":2,"skipped":0,"pct":100}}
,"/home/runner/work/estuary-rpc/estuary-rpc/estuary-rpc-client/client.ts": {"lines":{"total":108,"covered":0,"skipped":0,"pct":0},"functions":{"total":23,"covered":0,"skipped":0,"pct":0},"statements":{"total":113,"covered":0,"skipped":0,"pct":0},"branches":{"total":107,"covered":0,"skipped":0,"pct":0}}
,"/home/runner/work/estuary-rpc/estuary-rpc/estuary-rpc-server/authentication.ts": {"lines":{"total":35,"covered":35,"skipped":0,"pct":100},"functions":{"total":3,"covered":3,"skipped":0,"pct":100},"statements":{"total":35,"covered":35,"skipped":0,"pct":100},"branches":{"total":94,"covered":76,"skipped":0,"pct":80.85}}
,"/home/runner/work/estuary-rpc/estuary-rpc/estuary-rpc-server/errors.ts": {"lines":{"total":11,"covered":7,"skipped":0,"pct":63.63},"functions":{"total":4,"covered":0,"skipped":0,"pct":0},"statements":{"total":11,"covered":7,"skipped":0,"pct":63.63},"branches":{"total":6,"covered":0,"skipped":0,"pct":0}}
,"/home/runner/work/estuary-rpc/estuary-rpc/estuary-rpc-server/middleware.ts": {"lines":{"total":43,"covered":15,"skipped":0,"pct":34.88},"functions":{"total":13,"covered":1,"skipped":0,"pct":7.69},"statements":{"total":46,"covered":16,"skipped":0,"pct":34.78},"branches":{"total":58,"covered":6,"skipped":0,"pct":10.34}}
,"/home/runner/work/estuary-rpc/estuary-rpc/estuary-rpc-server/multipart.ts": {"lines":{"total":73,"covered":64,"skipped":0,"pct":87.67},"functions":{"total":7,"covered":6,"skipped":0,"pct":85.71},"statements":{"total":75,"covered":66,"skipped":0,"pct":88},"branches":{"total":62,"covered":34,"skipped":0,"pct":54.83}}
,"/home/runner/work/estuary-rpc/estuary-rpc/estuary-rpc-server/rest.ts": {"lines":{"total":69,"covered":0,"skipped":0,"pct":0},"functions":{"total":15,"covered":0,"skipped":0,"pct":0},"statements":{"total":73,"covered":0,"skipped":0,"pct":0},"branches":{"total":59,"covered":0,"skipped":0,"pct":0}}
,"/home/runner/work/estuary-rpc/estuary-rpc/estuary-rpc-server/server.ts": {"lines":{"total":28,"covered":0,"skipped":0,"pct":0},"functions":{"total":3,"covered":0,"skipped":0,"pct":0},"statements":{"total":28,"covered":0,"skipped":0,"pct":0},"branches":{"total":4,"covered":0,"skipped":0,"pct":0}}
,"/home/runner/work/estuary-rpc/estuary-rpc/estuary-rpc-server/ws.ts": {"lines":{"total":84,"covered":0,"skipped":0,"pct":0},"functions":{"total":12,"covered":0,"skipped":0,"pct":0},"statements":{"total":85,"covered":0,"skipped":0,"pct":0},"branches":{"total":44,"covered":0,"skipped":0,"pct":0}}
,"/home/runner/work/estuary-rpc/estuary-rpc/estuary-rpc-server/wsDataFrame.ts": {"lines":{"total":48,"covered":0,"skipped":0,"pct":0},"functions":{"total":9,"covered":0,"skipped":0,"pct":0},"statements":{"total":48,"covered":0,"skipped":0,"pct":0},"branches":{"total":20,"covered":0,"skipped":0,"pct":0}}
}
