TN:
SF:estuary-rpc/api.ts
FN:16,endpoint
FN:17,(anonymous_12)
FN:23,(anonymous_13)
FN:23,(anonymous_14)
FN:42,get
FN:60,post
FN:75,put
FN:89,del
FN:105,ws
FNF:9
FNH:9
FNDA:5,endpoint
FNDA:5,(anonymous_12)
FNDA:1,(anonymous_13)
FNDA:1,(anonymous_14)
FNDA:1,get
FNDA:1,post
FNDA:1,put
FNDA:1,del
FNDA:1,ws
DA:2,2
DA:3,2
DA:4,2
DA:5,2
DA:6,2
DA:17,5
DA:22,5
DA:23,1
DA:42,2
DA:46,1
DA:60,2
DA:64,1
DA:75,2
DA:79,1
DA:89,2
DA:93,1
DA:105,2
DA:109,1
LF:18
LH:18
BRF:0
BRH:0
end_of_record
TN:
SF:estuary-rpc/openApi.ts
FN:27,flatten
FN:29,(anonymous_1)
FN:37,schemaFromExample
FN:57,(anonymous_3)
FN:66,requestDoc
FN:83,(anonymous_5)
FN:125,responseDoc
FN:171,endpointDoc
FN:188,accumulateSchemas
FN:198,accumulateSecurities
FN:222,(anonymous_10)
FN:223,(anonymous_11)
FN:261,createOpenApiSpec
FN:279,(anonymous_13)
FN:284,(anonymous_14)
FNF:15
FNH:11
FNDA:2,flatten
FNDA:6,(anonymous_1)
FNDA:5,schemaFromExample
FNDA:2,(anonymous_3)
FNDA:5,requestDoc
FNDA:0,(anonymous_5)
FNDA:5,responseDoc
FNDA:5,endpointDoc
FNDA:5,accumulateSchemas
FNDA:5,accumulateSecurities
FNDA:0,(anonymous_10)
FNDA:0,(anonymous_11)
FNDA:1,createOpenApiSpec
FNDA:0,(anonymous_13)
FNDA:5,(anonymous_14)
DA:1,2
DA:9,2
DA:28,2
DA:30,6
DA:38,5
DA:40,1
DA:42,1
DA:44,1
DA:47,2
DA:48,1
DA:53,1
DA:57,2
DA:63,0
DA:70,5
DA:72,5
DA:76,3
DA:80,1
DA:81,1
DA:83,0
DA:91,0
DA:98,1
DA:99,1
DA:107,0
DA:122,0
DA:129,5
DA:132,5
DA:174,5
DA:192,5
DA:202,5
DA:203,4
DA:206,1
DA:220,1
DA:221,1
DA:223,0
DA:261,2
DA:269,1
DA:270,1
DA:275,1
DA:279,1
DA:280,1
DA:284,5
LF:41
LH:35
BRDA:30,0,0,5
BRDA:30,0,1,1
BRDA:38,1,0,1
BRDA:38,1,1,1
BRDA:38,1,2,1
BRDA:38,1,3,2
BRDA:47,2,0,1
BRDA:50,3,0,1
BRDA:50,3,1,0
BRDA:70,4,0,5
BRDA:70,4,1,5
BRDA:71,5,0,1
BRDA:71,5,1,4
BRDA:72,6,0,0
BRDA:72,6,1,3
BRDA:72,6,2,1
BRDA:72,6,3,1
BRDA:72,7,0,0
BRDA:72,7,1,5
BRDA:72,8,0,5
BRDA:72,8,1,5
BRDA:80,9,0,1
BRDA:80,9,1,0
BRDA:82,10,0,0
BRDA:82,10,1,1
BRDA:82,11,0,1
BRDA:82,11,1,1
BRDA:98,12,0,1
BRDA:98,12,1,0
BRDA:129,13,0,5
BRDA:129,13,1,5
BRDA:130,14,0,1
BRDA:130,14,1,4
BRDA:148,15,0,1
BRDA:148,15,1,4
BRDA:175,16,0,1
BRDA:175,16,1,4
BRDA:178,17,0,1
BRDA:178,17,1,4
BRDA:183,18,0,5
BRDA:183,18,1,5
BRDA:192,19,0,0
BRDA:192,19,1,5
BRDA:192,20,0,5
BRDA:192,20,1,0
BRDA:192,21,0,5
BRDA:192,21,1,5
BRDA:202,22,0,4
BRDA:206,23,0,1
BRDA:206,23,1,0
BRDA:206,24,0,1
BRDA:206,24,1,1
BRDA:279,25,0,1
BRDA:279,25,1,0
BRDA:282,26,0,1
BRDA:282,26,1,0
BRDA:282,27,0,1
BRDA:282,27,1,1
BRDA:293,28,0,1
BRDA:293,28,1,0
BRDA:293,29,0,1
BRDA:293,29,1,1
BRF:62
BRH:50
end_of_record
TN:
SF:estuary-rpc/statusCodes.ts
FNF:0
FNH:0
DA:5,2
LF:1
LH:1
BRF:0
BRH:0
end_of_record
TN:
SF:estuary-rpc/stream.ts
FN:82,(anonymous_7)
FN:113,(anonymous_8)
FN:117,(anonymous_9)
FN:118,(anonymous_10)
FN:121,(anonymous_11)
FN:122,(anonymous_12)
FN:125,(anonymous_13)
FN:126,(anonymous_14)
FN:129,(anonymous_15)
FN:133,(anonymous_16)
FN:134,(anonymous_17)
FN:138,(anonymous_18)
FN:158,(anonymous_19)
FN:161,(anonymous_20)
FN:171,(anonymous_21)
FN:174,(anonymous_22)
FN:213,(anonymous_23)
FN:217,(anonymous_24)
FN:218,(anonymous_25)
FN:219,(anonymous_26)
FN:220,(anonymous_27)
FN:221,(anonymous_28)
FN:222,(anonymous_29)
FN:223,(anonymous_30)
FN:224,(anonymous_31)
FN:227,(anonymous_32)
FN:228,(anonymous_33)
FN:229,(anonymous_34)
FN:230,(anonymous_35)
FN:231,(anonymous_36)
FN:232,(anonymous_37)
FN:233,(anonymous_38)
FN:234,(anonymous_39)
FN:242,(anonymous_40)
FN:256,(anonymous_41)
FN:266,(anonymous_42)
FN:293,openStreamHandler
FNF:37
FNH:15
FNDA:0,(anonymous_7)
FNDA:4,(anonymous_8)
FNDA:6,(anonymous_9)
FNDA:7,(anonymous_10)
FNDA:1,(anonymous_11)
FNDA:2,(anonymous_12)
FNDA:1,(anonymous_13)
FNDA:1,(anonymous_14)
FNDA:5,(anonymous_15)
FNDA:1,(anonymous_16)
FNDA:2,(anonymous_17)
FNDA:2,(anonymous_18)
FNDA:1,(anonymous_19)
FNDA:2,(anonymous_20)
FNDA:1,(anonymous_21)
FNDA:1,(anonymous_22)
FNDA:0,(anonymous_23)
FNDA:0,(anonymous_24)
FNDA:0,(anonymous_25)
FNDA:0,(anonymous_26)
FNDA:0,(anonymous_27)
FNDA:0,(anonymous_28)
FNDA:0,(anonymous_29)
FNDA:0,(anonymous_30)
FNDA:0,(anonymous_31)
FNDA:0,(anonymous_32)
FNDA:0,(anonymous_33)
FNDA:0,(anonymous_34)
FNDA:0,(anonymous_35)
FNDA:0,(anonymous_36)
FNDA:0,(anonymous_37)
FNDA:0,(anonymous_38)
FNDA:0,(anonymous_39)
FNDA:0,(anonymous_40)
FNDA:0,(anonymous_41)
FNDA:0,(anonymous_42)
FNDA:0,openStreamHandler
DA:82,3
DA:83,0
DA:86,3
DA:92,3
DA:113,3
DA:114,4
DA:118,7
DA:122,2
DA:126,1
DA:130,5
DA:134,2
DA:142,2
DA:144,1
DA:145,1
DA:147,0
DA:148,0
DA:150,1
DA:151,1
DA:159,1
DA:160,1
DA:161,2
DA:165,1
DA:172,1
DA:173,1
DA:174,1
DA:178,1
DA:189,3
DA:214,0
DA:215,0
DA:216,0
DA:217,0
DA:218,0
DA:219,0
DA:220,0
DA:221,0
DA:222,0
DA:223,0
DA:224,0
DA:226,0
DA:227,0
DA:228,0
DA:229,0
DA:230,0
DA:231,0
DA:232,0
DA:233,0
DA:234,0
DA:246,0
DA:257,0
DA:267,0
DA:293,3
DA:297,0
DA:298,0
DA:299,0
DA:302,3
LF:55
LH:26
BRDA:118,0,0,7
BRDA:118,0,1,6
BRDA:122,1,0,2
BRDA:122,1,1,1
BRDA:126,2,0,0
BRDA:126,2,1,1
BRDA:126,3,0,1
BRDA:126,3,1,1
BRDA:142,4,0,1
BRDA:142,4,1,0
BRDA:142,4,2,1
BRDA:213,5,0,0
BRDA:213,6,0,0
BRF:13
BRH:9
end_of_record
TN:
SF:estuary-rpc/types.ts
FN:118,(anonymous_0)
FNF:1
FNH:1
FNDA:2,(anonymous_0)
DA:118,2
DA:120,2
DA:122,2
DA:124,2
DA:126,2
DA:133,2
LF:6
LH:6
BRDA:118,0,0,2
BRDA:118,0,1,2
BRF:2
BRH:2
end_of_record
TN:
SF:estuary-rpc-client/client.ts
FN:53,getUrl
FN:71,superFetch
FN:79,(anonymous_13)
FN:90,(anonymous_14)
FN:169,(anonymous_15)
FN:189,(anonymous_16)
FN:215,(anonymous_17)
FN:217,(anonymous_18)
FN:228,createRestEndpoint
FN:233,(anonymous_20)
FN:233,(anonymous_21)
FN:237,createWsEndpoint
FN:243,(anonymous_23)
FN:243,(anonymous_24)
FN:249,(anonymous_25)
FN:256,(anonymous_26)
FN:261,(anonymous_27)
FN:262,(anonymous_28)
FN:264,(anonymous_29)
FN:270,(anonymous_30)
FN:272,(anonymous_31)
FN:332,createApiClient
FN:337,(anonymous_33)
FNF:23
FNH:0
FNDA:0,getUrl
FNDA:0,superFetch
FNDA:0,(anonymous_13)
FNDA:0,(anonymous_14)
FNDA:0,(anonymous_15)
FNDA:0,(anonymous_16)
FNDA:0,(anonymous_17)
FNDA:0,(anonymous_18)
FNDA:0,createRestEndpoint
FNDA:0,(anonymous_20)
FNDA:0,(anonymous_21)
FNDA:0,createWsEndpoint
FNDA:0,(anonymous_23)
FNDA:0,(anonymous_24)
FNDA:0,(anonymous_25)
FNDA:0,(anonymous_26)
FNDA:0,(anonymous_27)
FNDA:0,(anonymous_28)
FNDA:0,(anonymous_29)
FNDA:0,(anonymous_30)
FNDA:0,(anonymous_31)
FNDA:0,createApiClient
FNDA:0,(anonymous_33)
DA:1,0
DA:12,0
DA:53,0
DA:54,0
DA:55,0
DA:56,0
DA:58,0
DA:71,0
DA:77,0
DA:79,0
DA:80,0
DA:81,0
DA:82,0
DA:83,0
DA:84,0
DA:87,0
DA:89,0
DA:90,0
DA:91,0
DA:98,0
DA:104,0
DA:105,0
DA:111,0
DA:112,0
DA:113,0
DA:116,0
DA:117,0
DA:119,0
DA:122,0
DA:123,0
DA:125,0
DA:126,0
DA:130,0
DA:132,0
DA:136,0
DA:138,0
DA:142,0
DA:144,0
DA:146,0
DA:147,0
DA:148,0
DA:150,0
DA:154,0
DA:157,0
DA:158,0
DA:159,0
DA:160,0
DA:162,0
DA:167,0
DA:170,0
DA:171,0
DA:179,0
DA:180,0
DA:182,0
DA:183,0
DA:184,0
DA:186,0
DA:189,0
DA:190,0
DA:191,0
DA:192,0
DA:193,0
DA:196,0
DA:199,0
DA:201,0
DA:204,0
DA:205,0
DA:206,0
DA:207,0
DA:210,0
DA:215,0
DA:217,0
DA:219,0
DA:220,0
DA:222,0
DA:224,0
DA:233,0
DA:234,0
DA:235,0
DA:241,0
DA:243,0
DA:244,0
DA:245,0
DA:246,0
DA:247,0
DA:249,0
DA:250,0
DA:256,0
DA:257,0
DA:259,0
DA:260,0
DA:262,0
DA:263,0
DA:265,0
DA:271,0
DA:272,0
DA:274,0
DA:279,0
DA:332,0
DA:336,0
DA:337,0
DA:338,0
DA:339,0
DA:340,0
DA:341,0
DA:343,0
DA:346,0
DA:352,0
LF:108
LH:0
BRDA:55,0,0,0
BRDA:56,1,0,0
BRDA:56,1,1,0
BRDA:77,2,0,0
BRDA:77,2,1,0
BRDA:82,3,0,0
BRDA:82,4,0,0
BRDA:82,4,1,0
BRDA:82,5,0,0
BRDA:82,5,1,0
BRDA:87,6,0,0
BRDA:89,7,0,0
BRDA:89,7,1,0
BRDA:90,8,0,0
BRDA:90,8,1,0
BRDA:90,9,0,0
BRDA:90,9,1,0
BRDA:94,10,0,0
BRDA:94,10,1,0
BRDA:100,11,0,0
BRDA:100,11,1,0
BRDA:104,12,0,0
BRDA:104,13,0,0
BRDA:104,13,1,0
BRDA:104,14,0,0
BRDA:104,14,1,0
BRDA:104,15,0,0
BRDA:104,15,1,0
BRDA:104,16,0,0
BRDA:104,16,1,0
BRDA:107,17,0,0
BRDA:107,17,1,0
BRDA:107,18,0,0
BRDA:107,18,1,0
BRDA:112,19,0,0
BRDA:112,20,0,0
BRDA:112,20,1,0
BRDA:112,21,0,0
BRDA:112,21,1,0
BRDA:113,22,0,0
BRDA:113,22,1,0
BRDA:113,23,0,0
BRDA:113,23,1,0
BRDA:116,24,0,0
BRDA:116,24,1,0
BRDA:123,25,0,0
BRDA:123,25,1,0
BRDA:123,25,2,0
BRDA:123,26,0,0
BRDA:123,26,1,0
BRDA:123,27,0,0
BRDA:123,27,1,0
BRDA:123,28,0,0
BRDA:123,28,1,0
BRDA:123,29,0,0
BRDA:123,29,1,0
BRDA:140,30,0,0
BRDA:140,30,1,0
BRDA:140,31,0,0
BRDA:140,31,1,0
BRDA:144,32,0,0
BRDA:144,32,1,0
BRDA:144,32,2,0
BRDA:144,32,3,0
BRDA:158,33,0,0
BRDA:158,33,1,0
BRDA:160,34,0,0
BRDA:160,34,1,0
BRDA:164,35,0,0
BRDA:164,35,1,0
BRDA:170,36,0,0
BRDA:173,37,0,0
BRDA:173,37,1,0
BRDA:173,38,0,0
BRDA:173,38,1,0
BRDA:183,39,0,0
BRDA:190,40,0,0
BRDA:190,40,1,0
BRDA:192,41,0,0
BRDA:192,41,1,0
BRDA:196,42,0,0
BRDA:196,42,1,0
BRDA:206,43,0,0
BRDA:219,44,0,0
BRDA:222,45,0,0
BRDA:222,45,1,0
BRDA:222,46,0,0
BRDA:222,46,1,0
BRDA:222,47,0,0
BRDA:222,47,1,0
BRDA:222,48,0,0
BRDA:222,48,1,0
BRDA:234,49,0,0
BRDA:234,49,1,0
BRDA:234,50,0,0
BRDA:234,50,1,0
BRDA:241,51,0,0
BRDA:241,51,1,0
BRDA:246,52,0,0
BRDA:251,53,0,0
BRDA:251,53,1,0
BRDA:266,54,0,0
BRDA:266,54,1,0
BRDA:338,55,0,0
BRDA:338,55,1,0
BRDA:340,56,0,0
BRDA:340,56,1,0
BRF:107
BRH:0
end_of_record
TN:
SF:estuary-rpc-server/authentication.ts
FN:11,getCookies
FN:13,(anonymous_1)
FN:41,isAuthenticated
FNF:3
FNH:3
FNDA:4,getCookies
FNDA:8,(anonymous_1)
FNDA:6,isAuthenticated
DA:4,1
DA:11,1
DA:12,4
DA:14,8
DA:15,8
DA:16,8
DA:17,2
DA:19,6
DA:20,6
DA:21,2
DA:23,4
DA:24,4
DA:41,1
DA:46,6
DA:47,6
DA:48,1
DA:50,5
DA:52,1
DA:58,1
DA:59,1
DA:63,1
DA:64,1
DA:65,1
DA:68,1
DA:69,1
DA:70,1
DA:71,1
DA:74,1
DA:75,1
DA:76,1
DA:77,1
DA:80,1
DA:81,1
DA:82,1
DA:83,1
LF:35
LH:35
BRDA:12,0,0,3
BRDA:12,0,1,1
BRDA:12,1,0,4
BRDA:12,1,1,4
BRDA:12,2,0,1
BRDA:12,2,1,3
BRDA:12,3,0,4
BRDA:12,3,1,4
BRDA:12,4,0,1
BRDA:12,4,1,3
BRDA:12,5,0,4
BRDA:12,5,1,4
BRDA:12,6,0,0
BRDA:12,6,1,4
BRDA:12,7,0,4
BRDA:12,7,1,4
BRDA:15,8,0,0
BRDA:15,8,1,8
BRDA:15,9,0,8
BRDA:15,9,1,8
BRDA:16,10,0,2
BRDA:20,11,0,2
BRDA:47,12,0,1
BRDA:47,13,0,6
BRDA:47,13,1,5
BRDA:50,14,0,1
BRDA:50,14,1,1
BRDA:50,14,2,1
BRDA:50,14,3,1
BRDA:50,14,4,1
BRDA:53,15,0,1
BRDA:53,15,1,0
BRDA:53,16,0,1
BRDA:53,16,1,1
BRDA:53,17,0,0
BRDA:53,17,1,1
BRDA:53,18,0,1
BRDA:53,18,1,1
BRDA:53,19,0,0
BRDA:53,19,1,1
BRDA:53,20,0,1
BRDA:53,20,1,1
BRDA:53,21,0,0
BRDA:53,21,1,1
BRDA:53,22,0,1
BRDA:53,22,1,1
BRDA:58,23,0,1
BRDA:58,23,1,0
BRDA:58,24,0,1
BRDA:58,24,1,1
BRDA:63,25,0,1
BRDA:63,25,1,0
BRDA:63,26,0,1
BRDA:63,26,1,1
BRDA:63,27,0,0
BRDA:63,27,1,1
BRDA:63,28,0,1
BRDA:63,28,1,1
BRDA:63,29,0,0
BRDA:63,29,1,1
BRDA:63,30,0,1
BRDA:63,30,1,1
BRDA:69,31,0,1
BRDA:69,31,1,0
BRDA:69,32,0,1
BRDA:69,32,1,1
BRDA:69,33,0,0
BRDA:69,33,1,1
BRDA:69,34,0,1
BRDA:69,34,1,1
BRDA:75,35,0,1
BRDA:75,35,1,0
BRDA:75,36,0,1
BRDA:75,36,1,1
BRDA:75,37,0,0
BRDA:75,37,1,1
BRDA:75,38,0,1
BRDA:75,38,1,1
BRDA:75,39,0,0
BRDA:75,39,1,1
BRDA:75,40,0,1
BRDA:75,40,1,1
BRDA:75,41,0,0
BRDA:75,41,1,1
BRDA:75,42,0,1
BRDA:75,42,1,1
BRDA:81,43,0,1
BRDA:81,43,1,0
BRDA:81,44,0,1
BRDA:81,44,1,1
BRDA:81,45,0,0
BRDA:81,45,1,1
BRDA:81,46,0,1
BRDA:81,46,1,1
BRF:94
BRH:76
end_of_record
TN:
SF:estuary-rpc-server/errors.ts
FN:22,errorResponse
FN:35,createErrorHandlers
FN:39,(anonymous_2)
FN:44,(anonymous_3)
FNF:4
FNH:0
FNDA:0,errorResponse
FNDA:0,createErrorHandlers
FNDA:0,(anonymous_2)
FNDA:0,(anonymous_3)
DA:1,1
DA:3,1
DA:4,1
DA:5,1
DA:6,1
DA:22,1
DA:23,0
DA:35,1
DA:38,0
DA:40,0
DA:45,0
LF:11
LH:7
BRDA:42,0,0,0
BRDA:42,0,1,0
BRDA:47,1,0,0
BRDA:47,1,1,0
BRDA:47,2,0,0
BRDA:47,2,1,0
BRF:6
BRH:0
end_of_record
TN:
SF:estuary-rpc-server/middleware.ts
FN:38,methodId
FN:47,getUrl
FN:56,cachedDefaultContent
FN:63,(anonymous_11)
FN:71,(anonymous_12)
FN:77,(anonymous_13)
FN:84,(anonymous_14)
FN:88,(anonymous_15)
FN:112,(anonymous_16)
FN:119,(anonymous_17)
FN:119,(anonymous_18)
FN:123,(anonymous_19)
FN:142,automaticMiddleware
FNF:13
FNH:1
FNDA:0,methodId
FNDA:1,getUrl
FNDA:0,cachedDefaultContent
FNDA:0,(anonymous_11)
FNDA:0,(anonymous_12)
FNDA:0,(anonymous_13)
FNDA:0,(anonymous_14)
FNDA:0,(anonymous_15)
FNDA:0,(anonymous_16)
FNDA:0,(anonymous_17)
FNDA:0,(anonymous_18)
FNDA:0,(anonymous_19)
FNDA:0,automaticMiddleware
DA:2,1
DA:3,1
DA:5,1
DA:7,1
DA:14,1
DA:38,1
DA:39,0
DA:47,1
DA:49,1
DA:50,1
DA:52,1
DA:55,1
DA:57,0
DA:58,0
DA:60,0
DA:61,0
DA:63,0
DA:64,0
DA:71,1
DA:77,0
DA:78,0
DA:80,0
DA:81,0
DA:83,0
DA:85,0
DA:86,0
DA:89,0
DA:90,0
DA:93,0
DA:95,0
DA:96,0
DA:97,0
DA:111,1
DA:112,1
DA:119,0
DA:120,0
DA:121,0
DA:123,0
DA:125,0
DA:128,0
DA:135,0
DA:142,1
DA:145,0
LF:43
LH:15
BRDA:50,0,0,1
BRDA:50,0,1,0
BRDA:50,1,0,1
BRDA:50,1,1,1
BRDA:50,2,0,1
BRDA:50,2,1,0
BRDA:50,3,0,1
BRDA:50,3,1,1
BRDA:57,4,0,0
BRDA:57,5,0,0
BRDA:57,5,1,0
BRDA:60,6,0,0
BRDA:80,7,0,0
BRDA:80,7,1,0
BRDA:80,8,0,0
BRDA:80,8,1,0
BRDA:89,9,0,0
BRDA:89,9,1,0
BRDA:89,10,0,0
BRDA:89,10,1,0
BRDA:90,11,0,0
BRDA:90,11,1,0
BRDA:90,12,0,0
BRDA:90,12,1,0
BRDA:91,13,0,0
BRDA:91,13,1,0
BRDA:93,14,0,0
BRDA:93,14,1,0
BRDA:93,15,0,0
BRDA:93,15,1,0
BRDA:113,16,0,0
BRDA:114,17,0,0
BRDA:115,18,0,0
BRDA:116,19,0,0
BRDA:117,20,0,0
BRDA:120,21,0,0
BRDA:120,21,1,0
BRDA:120,22,0,0
BRDA:120,22,1,0
BRDA:120,23,0,0
BRDA:120,23,1,0
BRDA:120,24,0,0
BRDA:120,24,1,0
BRDA:121,25,0,0
BRDA:122,26,0,0
BRDA:122,26,1,0
BRDA:122,27,0,0
BRDA:122,27,1,0
BRDA:122,28,0,0
BRDA:122,28,1,0
BRDA:123,29,0,0
BRDA:123,29,1,0
BRDA:123,30,0,0
BRDA:123,30,1,0
BRDA:146,31,0,0
BRDA:146,31,1,0
BRDA:149,32,0,0
BRDA:149,32,1,0
BRF:58
BRH:6
end_of_record
TN:
SF:estuary-rpc-server/multipart.ts
FN:12,openTempFile
FN:42,(anonymous_15)
FN:55,(anonymous_16)
FN:67,(anonymous_18)
FN:95,(anonymous_20)
FN:130,(anonymous_22)
FN:145,(anonymous_24)
FNF:7
FNH:6
FNDA:0,openTempFile
FNDA:11,(anonymous_15)
FNDA:18,(anonymous_16)
FNDA:32,(anonymous_18)
FNDA:32,(anonymous_20)
FNDA:19,(anonymous_22)
FNDA:11,(anonymous_24)
DA:2,1
DA:3,1
DA:4,1
DA:9,1
DA:10,1
DA:13,0
DA:14,0
DA:15,0
DA:23,1
DA:24,11
DA:26,11
DA:27,11
DA:28,11
DA:29,11
DA:31,11
DA:32,11
DA:44,11
DA:45,11
DA:47,11
DA:48,11
DA:49,0
DA:51,11
DA:52,11
DA:56,18
DA:57,18
DA:58,17
DA:59,17
DA:60,17
DA:62,1
DA:63,1
DA:64,1
DA:68,32
DA:69,32
DA:70,32
DA:71,32
DA:73,32
DA:74,35
DA:75,17
DA:76,17
DA:77,17
DA:78,17
DA:80,18
DA:81,18
DA:85,32
DA:86,17
DA:87,0
DA:89,17
DA:91,15
DA:92,4
DA:96,32
DA:97,32
DA:100,32
DA:101,17
DA:102,0
DA:103,0
DA:104,0
DA:109,17
DA:110,17
DA:111,17
DA:112,17
DA:123,32
DA:124,32
DA:125,32
DA:126,32
DA:131,19
DA:132,0
DA:134,19
DA:135,19
DA:136,19
DA:137,19
DA:138,32
DA:141,19
DA:146,11
LF:73
LH:64
BRDA:47,0,0,11
BRDA:47,0,1,0
BRDA:47,1,0,11
BRDA:47,1,1,11
BRDA:47,2,0,0
BRDA:47,2,1,11
BRDA:47,3,0,11
BRDA:47,3,1,11
BRDA:48,4,0,0
BRDA:57,5,0,17
BRDA:59,6,0,17
BRDA:59,6,1,2
BRDA:63,7,0,1
BRDA:74,8,0,17
BRDA:74,8,1,18
BRDA:74,9,0,35
BRDA:74,9,1,17
BRDA:85,10,0,17
BRDA:86,11,0,0
BRDA:86,12,0,17
BRDA:86,12,1,2
BRDA:87,13,0,0
BRDA:87,13,1,0
BRDA:87,14,0,0
BRDA:87,14,1,0
BRDA:91,15,0,4
BRDA:96,16,0,32
BRDA:96,16,1,0
BRDA:97,17,0,11
BRDA:97,17,1,21
BRDA:100,18,0,17
BRDA:101,19,0,0
BRDA:101,19,1,17
BRDA:101,20,0,17
BRDA:101,20,1,1
BRDA:102,21,0,0
BRDA:102,21,1,0
BRDA:102,22,0,0
BRDA:102,22,1,0
BRDA:103,23,0,0
BRDA:103,23,1,0
BRDA:103,24,0,0
BRDA:103,24,1,0
BRDA:104,25,0,0
BRDA:104,25,1,0
BRDA:104,26,0,0
BRDA:104,26,1,0
BRDA:104,27,0,0
BRDA:104,27,1,0
BRDA:112,28,0,17
BRDA:112,28,1,0
BRDA:112,29,0,17
BRDA:112,29,1,17
BRDA:112,30,0,2
BRDA:112,30,1,15
BRDA:115,31,0,12
BRDA:115,31,1,3
BRDA:117,32,0,3
BRDA:117,32,1,0
BRDA:131,33,0,0
BRDA:141,34,0,0
BRDA:141,34,1,19
BRF:62
BRH:34
end_of_record
TN:
SF:estuary-rpc-server/rest.ts
FN:28,(anonymous_7)
FN:28,(anonymous_8)
FN:37,parseIncoming
FN:61,(anonymous_11)
FN:63,(anonymous_12)
FN:70,(anonymous_13)
FN:72,(anonymous_14)
FN:96,restEndpoint
FN:104,(anonymous_16)
FN:104,(anonymous_17)
FN:106,(anonymous_18)
FN:151,(anonymous_19)
FN:161,createRestServer
FN:167,(anonymous_21)
FN:167,(anonymous_22)
FNF:15
FNH:0
FNDA:0,(anonymous_7)
FNDA:0,(anonymous_8)
FNDA:0,parseIncoming
FNDA:0,(anonymous_11)
FNDA:0,(anonymous_12)
FNDA:0,(anonymous_13)
FNDA:0,(anonymous_14)
FNDA:0,restEndpoint
FNDA:0,(anonymous_16)
FNDA:0,(anonymous_17)
FNDA:0,(anonymous_18)
FNDA:0,(anonymous_19)
FNDA:0,createRestServer
FNDA:0,(anonymous_21)
FNDA:0,(anonymous_22)
DA:1,0
DA:8,0
DA:16,0
DA:17,0
DA:23,0
DA:24,0
DA:27,0
DA:28,0
DA:29,0
DA:37,0
DA:42,0
DA:43,0
DA:44,0
DA:45,0
DA:48,0
DA:52,0
DA:54,0
DA:57,0
DA:61,0
DA:62,0
DA:63,0
DA:64,0
DA:65,0
DA:67,0
DA:70,0
DA:71,0
DA:73,0
DA:74,0
DA:76,0
DA:80,0
DA:82,0
DA:84,0
DA:85,0
DA:87,0
DA:89,0
DA:91,0
DA:96,0
DA:101,0
DA:104,0
DA:105,0
DA:106,0
DA:107,0
DA:110,0
DA:111,0
DA:112,0
DA:113,0
DA:119,0
DA:124,0
DA:125,0
DA:129,0
DA:132,0
DA:141,0
DA:142,0
DA:143,0
DA:144,0
DA:149,0
DA:152,0
DA:155,0
DA:156,0
DA:161,0
DA:165,0
DA:167,0
DA:168,0
DA:169,0
DA:170,0
DA:174,0
DA:180,0
DA:181,0
DA:183,0
LF:69
LH:0
BRDA:31,0,0,0
BRDA:31,0,1,0
BRDA:31,1,0,0
BRDA:31,1,1,0
BRDA:42,2,0,0
BRDA:42,2,1,0
BRDA:44,3,0,0
BRDA:44,3,1,0
BRDA:44,4,0,0
BRDA:44,4,1,0
BRDA:44,5,0,0
BRDA:44,5,1,0
BRDA:44,6,0,0
BRDA:44,6,1,0
BRDA:45,7,0,0
BRDA:45,7,1,0
BRDA:48,8,0,0
BRDA:49,9,0,0
BRDA:49,9,1,0
BRDA:57,10,0,0
BRDA:57,10,1,0
BRDA:64,11,0,0
BRDA:64,11,1,0
BRDA:73,12,0,0
BRDA:76,13,0,0
BRDA:77,14,0,0
BRDA:77,14,1,0
BRDA:84,15,0,0
BRDA:87,16,0,0
BRDA:87,17,0,0
BRDA:87,17,1,0
BRDA:101,18,0,0
BRDA:101,18,1,0
BRDA:107,19,0,0
BRDA:107,19,1,0
BRDA:121,20,0,0
BRDA:121,20,1,0
BRDA:124,21,0,0
BRDA:141,22,0,0
BRDA:143,23,0,0
BRDA:169,24,0,0
BRDA:176,25,0,0
BRDA:176,25,1,0
BRDA:176,26,0,0
BRDA:176,26,1,0
BRDA:177,27,0,0
BRDA:177,27,1,0
BRDA:177,28,0,0
BRDA:177,28,1,0
BRDA:177,29,0,0
BRDA:177,29,1,0
BRDA:177,30,0,0
BRDA:177,30,1,0
BRDA:177,31,0,0
BRDA:177,31,1,0
BRDA:177,32,0,0
BRDA:177,32,1,0
BRDA:180,33,0,0
BRDA:180,33,1,0
BRF:59
BRH:0
end_of_record
TN:
SF:estuary-rpc-server/server.ts
FN:8,flattenApi
FN:16,(anonymous_5)
FN:103,createApiServer
FNF:3
FNH:0
FNDA:0,flattenApi
FNDA:0,(anonymous_5)
FNDA:0,createApiServer
DA:4,0
DA:5,0
DA:6,0
DA:13,0
DA:14,0
DA:16,0
DA:17,0
DA:18,0
DA:19,0
DA:20,0
DA:31,0
DA:38,0
DA:43,0
DA:44,0
DA:47,0
DA:103,0
DA:108,0
DA:110,0
DA:111,0
DA:112,0
DA:114,0
DA:117,0
DA:118,0
DA:119,0
DA:120,0
DA:121,0
DA:122,0
DA:123,0
LF:28
LH:0
BRDA:17,0,0,0
BRDA:17,0,1,0
BRDA:19,1,0,0
BRDA:19,1,1,0
BRF:4
BRH:0
end_of_record
TN:
SF:estuary-rpc-server/ws.ts
FN:40,upgradeConnection
FN:64,wsEndpoint
FN:72,(anonymous_9)
FN:84,(anonymous_10)
FN:84,(anonymous_11)
FN:96,(anonymous_12)
FN:153,(anonymous_13)
FN:156,(anonymous_14)
FN:159,(anonymous_15)
FN:164,(anonymous_16)
FN:206,createWsServer
FN:211,(anonymous_18)
FNF:12
FNH:0
FNDA:0,upgradeConnection
FNDA:0,wsEndpoint
FNDA:0,(anonymous_9)
FNDA:0,(anonymous_10)
FNDA:0,(anonymous_11)
FNDA:0,(anonymous_12)
FNDA:0,(anonymous_13)
FNDA:0,(anonymous_14)
FNDA:0,(anonymous_15)
FNDA:0,(anonymous_16)
FNDA:0,createWsServer
FNDA:0,(anonymous_18)
DA:3,0
DA:4,0
DA:6,0
DA:14,0
DA:20,0
DA:22,0
DA:30,0
DA:41,0
DA:42,0
DA:51,0
DA:54,0
DA:64,0
DA:69,0
DA:72,0
DA:73,0
DA:74,0
DA:75,0
DA:77,0
DA:80,0
DA:84,0
DA:85,0
DA:86,0
DA:88,0
DA:89,0
DA:91,0
DA:93,0
DA:94,0
DA:96,0
DA:97,0
DA:99,0
DA:100,0
DA:101,0
DA:102,0
DA:103,0
DA:104,0
DA:105,0
DA:106,0
DA:107,0
DA:108,0
DA:109,0
DA:111,0
DA:114,0
DA:119,0
DA:121,0
DA:123,0
DA:124,0
DA:125,0
DA:126,0
DA:129,0
DA:130,0
DA:131,0
DA:133,0
DA:134,0
DA:136,0
DA:137,0
DA:141,0
DA:142,0
DA:144,0
DA:147,0
DA:152,0
DA:154,0
DA:157,0
DA:160,0
DA:164,0
DA:165,0
DA:167,0
DA:169,0
DA:170,0
DA:175,0
DA:176,0
DA:179,0
DA:188,0
DA:189,0
DA:190,0
DA:191,0
DA:196,0
DA:206,0
DA:211,0
DA:212,0
DA:215,0
DA:221,0
DA:222,0
DA:224,0
DA:225,0
LF:84
LH:0
BRDA:69,0,0,0
BRDA:69,0,1,0
BRDA:73,1,0,0
BRDA:73,1,1,0
BRDA:74,2,0,0
BRDA:74,2,1,0
BRDA:99,3,0,0
BRDA:99,3,1,0
BRDA:102,4,0,0
BRDA:102,4,1,0
BRDA:104,5,0,0
BRDA:104,5,1,0
BRDA:106,6,0,0
BRDA:108,7,0,0
BRDA:108,7,1,0
BRDA:121,8,0,0
BRDA:123,9,0,0
BRDA:136,10,0,0
BRDA:137,11,0,0
BRDA:138,12,0,0
BRDA:138,12,1,0
BRDA:165,13,0,0
BRDA:165,13,1,0
BRDA:165,14,0,0
BRDA:165,14,1,0
BRDA:172,15,0,0
BRDA:172,15,1,0
BRDA:175,16,0,0
BRDA:188,17,0,0
BRDA:190,18,0,0
BRDA:218,19,0,0
BRDA:218,19,1,0
BRDA:218,20,0,0
BRDA:218,20,1,0
BRDA:218,21,0,0
BRDA:218,21,1,0
BRDA:218,22,0,0
BRDA:218,22,1,0
BRDA:218,23,0,0
BRDA:218,23,1,0
BRDA:218,24,0,0
BRDA:218,24,1,0
BRDA:221,25,0,0
BRDA:221,25,1,0
BRF:44
BRH:0
end_of_record
TN:
SF:estuary-rpc-server/wsDataFrame.ts
FN:26,(anonymous_0)
FN:36,findPayloadLen
FN:50,parseDataFrame
FN:72,(anonymous_3)
FN:79,sendDataFrame
FN:100,sendPongFrame
FN:104,sendCloseFrame
FN:112,sendBinaryFrame
FN:124,sendTextFrame
FNF:9
FNH:0
FNDA:0,(anonymous_0)
FNDA:0,findPayloadLen
FNDA:0,parseDataFrame
FNDA:0,(anonymous_3)
FNDA:0,sendDataFrame
FNDA:0,sendPongFrame
FNDA:0,sendCloseFrame
FNDA:0,sendBinaryFrame
FNDA:0,sendTextFrame
DA:2,0
DA:26,0
DA:27,0
DA:28,0
DA:29,0
DA:30,0
DA:31,0
DA:32,0
DA:33,0
DA:37,0
DA:38,0
DA:39,0
DA:40,0
DA:41,0
DA:42,0
DA:43,0
DA:45,0
DA:47,0
DA:50,0
DA:51,0
DA:52,0
DA:53,0
DA:55,0
DA:57,0
DA:59,0
DA:61,0
DA:62,0
DA:63,0
DA:66,0
DA:69,0
DA:72,0
DA:76,0
DA:79,0
DA:82,0
DA:92,0
DA:93,0
DA:94,0
DA:95,0
DA:96,0
DA:100,0
DA:101,0
DA:104,0
DA:105,0
DA:112,0
DA:116,0
DA:122,0
DA:124,0
DA:125,0
LF:48
LH:0
BRDA:26,0,0,0
BRDA:26,0,1,0
BRDA:38,1,0,0
BRDA:38,1,1,0
BRDA:40,2,0,0
BRDA:42,3,0,0
BRDA:55,4,0,0
BRDA:55,4,1,0
BRDA:63,5,0,0
BRDA:63,5,1,0
BRDA:66,6,0,0
BRDA:66,6,1,0
BRDA:69,7,0,0
BRDA:69,7,1,0
BRDA:82,8,0,0
BRDA:82,8,1,0
BRDA:84,9,0,0
BRDA:84,9,1,0
BRDA:104,10,0,0
BRDA:114,11,0,0
BRF:20
BRH:0
end_of_record
